{"/home/amir/projects/personal-projects/my-portfolio/fornt/my-app/my-app/src/App.tsx": {"path":"/home/amir/projects/personal-projects/my-portfolio/fornt/my-app/my-app/src/App.tsx","statementMap":{"0":{"start":{"line":1,"column":0},"end":{"line":1,"column":60}},"1":{"start":{"line":2,"column":0},"end":{"line":2,"column":39}},"2":{"start":{"line":3,"column":0},"end":{"line":3,"column":39}},"3":{"start":{"line":4,"column":0},"end":{"line":4,"column":51}},"4":{"start":{"line":5,"column":0},"end":{"line":5,"column":47}},"5":{"start":{"line":6,"column":0},"end":{"line":6,"column":52}},"6":{"start":{"line":7,"column":0},"end":{"line":7,"column":64}},"7":{"start":{"line":8,"column":0},"end":{"line":8,"column":57}},"8":{"start":{"line":9,"column":0},"end":{"line":9,"column":46}},"9":{"start":{"line":10,"column":0},"end":{"line":10,"column":68}},"10":{"start":{"line":11,"column":0},"end":{"line":11,"column":66}},"11":{"start":{"line":12,"column":0},"end":{"line":12,"column":56}},"12":{"start":{"line":15,"column":13},"end":{"line":15,"column":61}},"13":{"start":{"line":15,"column":23},"end":{"line":15,"column":60}},"14":{"start":{"line":16,"column":15},"end":{"line":16,"column":65}},"15":{"start":{"line":16,"column":25},"end":{"line":16,"column":64}},"16":{"start":{"line":17,"column":17},"end":{"line":17,"column":69}},"17":{"start":{"line":17,"column":27},"end":{"line":17,"column":68}},"18":{"start":{"line":18,"column":13},"end":{"line":18,"column":66}},"19":{"start":{"line":18,"column":23},"end":{"line":18,"column":65}},"20":{"start":{"line":19,"column":16},"end":{"line":19,"column":67}},"21":{"start":{"line":19,"column":26},"end":{"line":19,"column":66}},"22":{"start":{"line":22,"column":19},"end":{"line":25,"column":2}},"23":{"start":{"line":27,"column":19},"end":{"line":118,"column":1}},"24":{"start":{"line":28,"column":44},"end":{"line":28,"column":60}},"25":{"start":{"line":29,"column":33},"end":{"line":29,"column":43}},"26":{"start":{"line":30,"column":17},"end":{"line":30,"column":38}},"27":{"start":{"line":32,"column":2},"end":{"line":51,"column":9}},"28":{"start":{"line":33,"column":25},"end":{"line":47,"column":5}},"29":{"start":{"line":34,"column":23},"end":{"line":34,"column":72}},"30":{"start":{"line":35,"column":22},"end":{"line":42,"column":8}},"31":{"start":{"line":36,"column":24},"end":{"line":36,"column":56}},"32":{"start":{"line":37,"column":8},"end":{"line":40,"column":9}},"33":{"start":{"line":38,"column":23},"end":{"line":38,"column":54}},"34":{"start":{"line":39,"column":10},"end":{"line":39,"column":55}},"35":{"start":{"line":41,"column":8},"end":{"line":41,"column":21}},"36":{"start":{"line":44,"column":6},"end":{"line":46,"column":7}},"37":{"start":{"line":45,"column":8},"end":{"line":45,"column":34}},"38":{"start":{"line":49,"column":4},"end":{"line":49,"column":52}},"39":{"start":{"line":50,"column":4},"end":{"line":50,"column":68}},"40":{"start":{"line":50,"column":17},"end":{"line":50,"column":67}},"41":{"start":{"line":53,"column":25},"end":{"line":56,"column":3}},"42":{"start":{"line":54,"column":4},"end":{"line":54,"column":30}},"43":{"start":{"line":55,"column":4},"end":{"line":55,"column":77}},"44":{"start":{"line":59,"column":2},"end":{"line":65,"column":9}},"45":{"start":{"line":60,"column":4},"end":{"line":60,"column":43}},"46":{"start":{"line":61,"column":22},"end":{"line":63,"column":11}},"47":{"start":{"line":62,"column":6},"end":{"line":62,"column":48}},"48":{"start":{"line":64,"column":4},"end":{"line":64,"column":41}},"49":{"start":{"line":64,"column":17},"end":{"line":64,"column":40}},"50":{"start":{"line":67,"column":2},"end":{"line":117,"column":4}},"51":{"start":{"line":88,"column":14},"end":{"line":89,"column":null}},"52":{"start":{"line":90,"column":31},"end":{"line":90,"column":54}},"53":{"start":{"line":120,"column":12},"end":{"line":129,"column":null}},"54":{"start":{"line":121,"column":2},"end":{"line":128,"column":null}},"55":{"start":{"line":132,"column":19},"end":{"line":140,"column":2}},"56":{"start":{"line":139,"column":31},"end":{"line":139,"column":55}},"57":{"start":{"line":142,"column":19},"end":{"line":152,"column":2}},"58":{"start":{"line":149,"column":31},"end":{"line":149,"column":51}},"59":{"start":{"line":154,"column":15},"end":{"line":162,"column":2}},"60":{"start":{"line":164,"column":22},"end":{"line":172,"column":2}},"61":{"start":{"line":174,"column":14},"end":{"line":179,"column":2}},"62":{"start":{"line":178,"column":26},"end":{"line":178,"column":46}},"63":{"start":{"line":181,"column":18},"end":{"line":187,"column":2}},"64":{"start":{"line":184,"column":31},"end":{"line":184,"column":53}},"65":{"start":{"line":189,"column":19},"end":{"line":192,"column":2}},"66":{"start":{"line":194,"column":16},"end":{"line":218,"column":2}},"67":{"start":{"line":199,"column":4},"end":{"line":199,"column":57}},"68":{"start":{"line":200,"column":37},"end":{"line":200,"column":62}},"69":{"start":{"line":209,"column":33},"end":{"line":209,"column":57}},"70":{"start":{"line":211,"column":33},"end":{"line":211,"column":55}},"71":{"start":{"line":220,"column":20},"end":{"line":225,"column":2}},"72":{"start":{"line":224,"column":26},"end":{"line":224,"column":46}},"73":{"start":{"line":227,"column":13},"end":{"line":229,"column":2}},"74":{"start":{"line":231,"column":0},"end":{"line":231,"column":19}}},"fnMap":{"0":{"name":"(anonymous_10)","decl":{"start":{"line":15,"column":18},"end":{"line":15,"column":21}},"loc":{"start":{"line":15,"column":23},"end":{"line":15,"column":60}}},"1":{"name":"(anonymous_11)","decl":{"start":{"line":15,"column":23},"end":{"line":15,"column":31}},"loc":{"start":{"line":15,"column":23},"end":{"line":15,"column":60}}},"2":{"name":"(anonymous_12)","decl":{"start":{"line":16,"column":20},"end":{"line":16,"column":23}},"loc":{"start":{"line":16,"column":25},"end":{"line":16,"column":64}}},"3":{"name":"(anonymous_13)","decl":{"start":{"line":16,"column":25},"end":{"line":16,"column":33}},"loc":{"start":{"line":16,"column":25},"end":{"line":16,"column":64}}},"4":{"name":"(anonymous_14)","decl":{"start":{"line":17,"column":22},"end":{"line":17,"column":25}},"loc":{"start":{"line":17,"column":27},"end":{"line":17,"column":68}}},"5":{"name":"(anonymous_15)","decl":{"start":{"line":17,"column":27},"end":{"line":17,"column":35}},"loc":{"start":{"line":17,"column":27},"end":{"line":17,"column":68}}},"6":{"name":"(anonymous_16)","decl":{"start":{"line":18,"column":18},"end":{"line":18,"column":21}},"loc":{"start":{"line":18,"column":23},"end":{"line":18,"column":65}}},"7":{"name":"(anonymous_17)","decl":{"start":{"line":18,"column":23},"end":{"line":18,"column":31}},"loc":{"start":{"line":18,"column":23},"end":{"line":18,"column":65}}},"8":{"name":"(anonymous_18)","decl":{"start":{"line":19,"column":21},"end":{"line":19,"column":24}},"loc":{"start":{"line":19,"column":26},"end":{"line":19,"column":66}}},"9":{"name":"(anonymous_19)","decl":{"start":{"line":19,"column":26},"end":{"line":19,"column":34}},"loc":{"start":{"line":19,"column":26},"end":{"line":19,"column":66}}},"10":{"name":"(anonymous_20)","decl":{"start":{"line":27,"column":19},"end":{"line":27,"column":22}},"loc":{"start":{"line":27,"column":24},"end":{"line":118,"column":1}}},"11":{"name":"(anonymous_21)","decl":{"start":{"line":32,"column":12},"end":{"line":32,"column":15}},"loc":{"start":{"line":32,"column":17},"end":{"line":51,"column":3}}},"12":{"name":"(anonymous_22)","decl":{"start":{"line":33,"column":25},"end":{"line":33,"column":28}},"loc":{"start":{"line":33,"column":30},"end":{"line":47,"column":5}}},"13":{"name":"(anonymous_23)","decl":{"start":{"line":35,"column":36},"end":{"line":35,"column":37}},"loc":{"start":{"line":35,"column":48},"end":{"line":42,"column":7}}},"14":{"name":"(anonymous_24)","decl":{"start":{"line":50,"column":11},"end":{"line":50,"column":14}},"loc":{"start":{"line":50,"column":17},"end":{"line":50,"column":67}}},"15":{"name":"(anonymous_25)","decl":{"start":{"line":53,"column":25},"end":{"line":53,"column":26}},"loc":{"start":{"line":53,"column":45},"end":{"line":56,"column":3}}},"16":{"name":"(anonymous_26)","decl":{"start":{"line":59,"column":12},"end":{"line":59,"column":15}},"loc":{"start":{"line":59,"column":17},"end":{"line":65,"column":3}}},"17":{"name":"(anonymous_27)","decl":{"start":{"line":61,"column":33},"end":{"line":61,"column":36}},"loc":{"start":{"line":61,"column":38},"end":{"line":63,"column":5}}},"18":{"name":"(anonymous_28)","decl":{"start":{"line":64,"column":11},"end":{"line":64,"column":14}},"loc":{"start":{"line":64,"column":17},"end":{"line":64,"column":40}}},"19":{"name":"(anonymous_29)","decl":{"start":{"line":87,"column":18},"end":{"line":87,"column":19}},"loc":{"start":{"line":88,"column":14},"end":{"line":89,"column":null}}},"20":{"name":"(anonymous_30)","decl":{"start":{"line":90,"column":25},"end":{"line":90,"column":28}},"loc":{"start":{"line":90,"column":31},"end":{"line":90,"column":54}}},"21":{"name":"(anonymous_31)","decl":{"start":{"line":120,"column":12},"end":{"line":120,"column":15}},"loc":{"start":{"line":121,"column":2},"end":{"line":128,"column":null}}},"22":{"name":"(anonymous_32)","decl":{"start":{"line":139,"column":16},"end":{"line":139,"column":17}},"loc":{"start":{"line":139,"column":31},"end":{"line":139,"column":55}}},"23":{"name":"(anonymous_33)","decl":{"start":{"line":149,"column":16},"end":{"line":149,"column":17}},"loc":{"start":{"line":149,"column":31},"end":{"line":149,"column":51}}},"24":{"name":"(anonymous_34)","decl":{"start":{"line":178,"column":11},"end":{"line":178,"column":12}},"loc":{"start":{"line":178,"column":26},"end":{"line":178,"column":46}}},"25":{"name":"(anonymous_35)","decl":{"start":{"line":184,"column":16},"end":{"line":184,"column":17}},"loc":{"start":{"line":184,"column":31},"end":{"line":184,"column":53}}},"26":{"name":"(anonymous_36)","decl":{"start":{"line":198,"column":11},"end":{"line":198,"column":12}},"loc":{"start":{"line":199,"column":4},"end":{"line":199,"column":57}}},"27":{"name":"(anonymous_37)","decl":{"start":{"line":200,"column":17},"end":{"line":200,"column":18}},"loc":{"start":{"line":200,"column":37},"end":{"line":200,"column":62}}},"28":{"name":"(anonymous_38)","decl":{"start":{"line":209,"column":13},"end":{"line":209,"column":14}},"loc":{"start":{"line":209,"column":33},"end":{"line":209,"column":57}}},"29":{"name":"(anonymous_39)","decl":{"start":{"line":211,"column":18},"end":{"line":211,"column":19}},"loc":{"start":{"line":211,"column":33},"end":{"line":211,"column":55}}},"30":{"name":"(anonymous_40)","decl":{"start":{"line":224,"column":11},"end":{"line":224,"column":12}},"loc":{"start":{"line":224,"column":26},"end":{"line":224,"column":46}}}},"branchMap":{"0":{"loc":{"start":{"line":37,"column":8},"end":{"line":40,"column":9}},"type":"if","locations":[{"start":{"line":37,"column":8},"end":{"line":40,"column":9}}]},"1":{"loc":{"start":{"line":39,"column":17},"end":{"line":39,"column":54}},"type":"binary-expr","locations":[{"start":{"line":39,"column":17},"end":{"line":39,"column":32}},{"start":{"line":39,"column":36},"end":{"line":39,"column":54}}]},"2":{"loc":{"start":{"line":44,"column":6},"end":{"line":46,"column":7}},"type":"if","locations":[{"start":{"line":44,"column":6},"end":{"line":46,"column":7}}]},"3":{"loc":{"start":{"line":101,"column":15},"end":{"line":101,"column":66}},"type":"cond-expr","locations":[{"start":{"line":101,"column":24},"end":{"line":101,"column":43}},{"start":{"line":101,"column":46},"end":{"line":101,"column":66}}]},"4":{"loc":{"start":{"line":199,"column":4},"end":{"line":199,"column":57}},"type":"cond-expr","locations":[{"start":{"line":199,"column":16},"end":{"line":199,"column":36}},{"start":{"line":199,"column":39},"end":{"line":199,"column":57}}]},"5":{"loc":{"start":{"line":200,"column":37},"end":{"line":200,"column":62}},"type":"cond-expr","locations":[{"start":{"line":200,"column":49},"end":{"line":200,"column":54}},{"start":{"line":200,"column":57},"end":{"line":200,"column":62}}]},"6":{"loc":{"start":{"line":209,"column":33},"end":{"line":209,"column":57}},"type":"cond-expr","locations":[{"start":{"line":209,"column":45},"end":{"line":209,"column":51}},{"start":{"line":209,"column":54},"end":{"line":209,"column":57}}]}},"s":{"0":0,"1":0,"2":0,"3":0,"4":0,"5":0,"6":0,"7":0,"8":0,"9":0,"10":0,"11":0,"12":0,"13":0,"14":0,"15":0,"16":0,"17":0,"18":0,"19":0,"20":0,"21":0,"22":0,"23":0,"24":0,"25":0,"26":0,"27":0,"28":0,"29":0,"30":0,"31":0,"32":0,"33":0,"34":0,"35":0,"36":0,"37":0,"38":0,"39":0,"40":0,"41":0,"42":0,"43":0,"44":0,"45":0,"46":0,"47":0,"48":0,"49":0,"50":0,"51":0,"52":0,"53":0,"54":0,"55":0,"56":0,"57":0,"58":0,"59":0,"60":0,"61":0,"62":0,"63":0,"64":0,"65":0,"66":0,"67":0,"68":0,"69":0,"70":0,"71":0,"72":0,"73":0,"74":0},"f":{"0":0,"1":0,"2":0,"3":0,"4":0,"5":0,"6":0,"7":0,"8":0,"9":0,"10":0,"11":0,"12":0,"13":0,"14":0,"15":0,"16":0,"17":0,"18":0,"19":0,"20":0,"21":0,"22":0,"23":0,"24":0,"25":0,"26":0,"27":0,"28":0,"29":0,"30":0},"b":{"0":[0],"1":[0,0],"2":[0],"3":[0,0],"4":[0,0],"5":[0,0],"6":[0,0]}}
,"/home/amir/projects/personal-projects/my-portfolio/fornt/my-app/my-app/src/components/common/AnimatedSection.tsx": {"path":"/home/amir/projects/personal-projects/my-portfolio/fornt/my-app/my-app/src/components/common/AnimatedSection.tsx","statementMap":{"0":{"start":{"line":2,"column":0},"end":{"line":2,"column":39}},"1":{"start":{"line":3,"column":0},"end":{"line":3,"column":66}},"2":{"start":{"line":4,"column":0},"end":{"line":4,"column":58}},"3":{"start":{"line":14,"column":22},"end":{"line":16,"column":2}},"4":{"start":{"line":18,"column":31},"end":{"line":45,"column":1}},"5":{"start":{"line":26,"column":28},"end":{"line":26,"column":56}},"6":{"start":{"line":28,"column":2},"end":{"line":44,"column":4}},"7":{"start":{"line":18,"column":13},"end":{"line":18,"column":31}}},"fnMap":{"0":{"name":"(anonymous_1)","decl":{"start":{"line":18,"column":31},"end":{"line":18,"column":32}},"loc":{"start":{"line":25,"column":27},"end":{"line":45,"column":1}}}},"branchMap":{"0":{"loc":{"start":{"line":22,"column":2},"end":{"line":22,"column":11}},"type":"default-arg","locations":[{"start":{"line":22,"column":10},"end":{"line":22,"column":11}}]},"1":{"loc":{"start":{"line":23,"column":2},"end":{"line":23,"column":17}},"type":"default-arg","locations":[{"start":{"line":23,"column":14},"end":{"line":23,"column":17}}]}},"s":{"0":0,"1":0,"2":0,"3":0,"4":0,"5":0,"6":0,"7":0},"f":{"0":0},"b":{"0":[0],"1":[0]}}
,"/home/amir/projects/personal-projects/my-portfolio/fornt/my-app/my-app/src/components/common/Button.tsx": {"path":"/home/amir/projects/personal-projects/my-portfolio/fornt/my-app/my-app/src/components/common/Button.tsx","statementMap":{"0":{"start":{"line":1,"column":0},"end":{"line":1,"column":39}},"1":{"start":{"line":2,"column":0},"end":{"line":2,"column":39}},"2":{"start":{"line":10,"column":15},"end":{"line":70,"column":2}},"3":{"start":{"line":12,"column":4},"end":{"line":19,"column":5}},"4":{"start":{"line":14,"column":8},"end":{"line":14,"column":29}},"5":{"start":{"line":16,"column":8},"end":{"line":16,"column":27}},"6":{"start":{"line":18,"column":8},"end":{"line":18,"column":32}},"7":{"start":{"line":23,"column":4},"end":{"line":30,"column":5}},"8":{"start":{"line":25,"column":8},"end":{"line":25,"column":26}},"9":{"start":{"line":27,"column":8},"end":{"line":27,"column":26}},"10":{"start":{"line":29,"column":8},"end":{"line":29,"column":22}},"11":{"start":{"line":33,"column":30},"end":{"line":33,"column":57}},"12":{"start":{"line":41,"column":4},"end":{"line":58,"column":5}},"13":{"start":{"line":43,"column":8},"end":{"line":46,"column":10}},"14":{"start":{"line":48,"column":8},"end":{"line":52,"column":10}},"15":{"start":{"line":54,"column":8},"end":{"line":57,"column":10}},"16":{"start":{"line":72,"column":0},"end":{"line":72,"column":22}}},"fnMap":{"0":{"name":"(anonymous_1)","decl":{"start":{"line":11,"column":13},"end":{"line":11,"column":14}},"loc":{"start":{"line":11,"column":37},"end":{"line":20,"column":3}}},"1":{"name":"(anonymous_2)","decl":{"start":{"line":22,"column":15},"end":{"line":22,"column":16}},"loc":{"start":{"line":22,"column":39},"end":{"line":31,"column":3}}},"2":{"name":"(anonymous_3)","decl":{"start":{"line":33,"column":11},"end":{"line":33,"column":12}},"loc":{"start":{"line":33,"column":30},"end":{"line":33,"column":57}}},"3":{"name":"(anonymous_4)","decl":{"start":{"line":40,"column":4},"end":{"line":40,"column":5}},"loc":{"start":{"line":40,"column":39},"end":{"line":59,"column":3}}}},"branchMap":{"0":{"loc":{"start":{"line":11,"column":16},"end":{"line":11,"column":31}},"type":"default-arg","locations":[{"start":{"line":11,"column":23},"end":{"line":11,"column":31}}]},"1":{"loc":{"start":{"line":12,"column":4},"end":{"line":19,"column":5}},"type":"switch","locations":[{"start":{"line":13,"column":6},"end":{"line":14,"column":29}},{"start":{"line":15,"column":6},"end":{"line":16,"column":27}},{"start":{"line":17,"column":6},"end":{"line":18,"column":32}}]},"2":{"loc":{"start":{"line":22,"column":18},"end":{"line":22,"column":33}},"type":"default-arg","locations":[{"start":{"line":22,"column":25},"end":{"line":22,"column":33}}]},"3":{"loc":{"start":{"line":23,"column":4},"end":{"line":30,"column":5}},"type":"switch","locations":[{"start":{"line":24,"column":6},"end":{"line":25,"column":26}},{"start":{"line":26,"column":6},"end":{"line":27,"column":26}},{"start":{"line":28,"column":6},"end":{"line":29,"column":22}}]},"4":{"loc":{"start":{"line":33,"column":30},"end":{"line":33,"column":57}},"type":"cond-expr","locations":[{"start":{"line":33,"column":42},"end":{"line":33,"column":48}},{"start":{"line":33,"column":51},"end":{"line":33,"column":57}}]},"5":{"loc":{"start":{"line":40,"column":7},"end":{"line":40,"column":26}},"type":"default-arg","locations":[{"start":{"line":40,"column":17},"end":{"line":40,"column":26}}]},"6":{"loc":{"start":{"line":41,"column":4},"end":{"line":58,"column":5}},"type":"switch","locations":[{"start":{"line":42,"column":6},"end":{"line":46,"column":10}},{"start":{"line":47,"column":6},"end":{"line":52,"column":10}},{"start":{"line":53,"column":6},"end":{"line":57,"column":10}}]}},"s":{"0":0,"1":0,"2":0,"3":0,"4":0,"5":0,"6":0,"7":0,"8":0,"9":0,"10":0,"11":0,"12":0,"13":0,"14":0,"15":0,"16":0},"f":{"0":0,"1":0,"2":0,"3":0},"b":{"0":[0],"1":[0,0,0],"2":[0],"3":[0,0,0],"4":[0,0],"5":[0],"6":[0,0,0]}}
,"/home/amir/projects/personal-projects/my-portfolio/fornt/my-app/my-app/src/components/common/Card.tsx": {"path":"/home/amir/projects/personal-projects/my-portfolio/fornt/my-app/my-app/src/components/common/Card.tsx","statementMap":{"0":{"start":{"line":1,"column":0},"end":{"line":1,"column":39}},"1":{"start":{"line":2,"column":0},"end":{"line":2,"column":39}},"2":{"start":{"line":9,"column":13},"end":{"line":41,"column":2}},"3":{"start":{"line":10,"column":31},"end":{"line":10,"column":57}},"4":{"start":{"line":15,"column":4},"end":{"line":22,"column":5}},"5":{"start":{"line":17,"column":8},"end":{"line":17,"column":22}},"6":{"start":{"line":19,"column":8},"end":{"line":19,"column":22}},"7":{"start":{"line":21,"column":8},"end":{"line":21,"column":24}},"8":{"start":{"line":26,"column":4},"end":{"line":33,"column":5}},"9":{"start":{"line":28,"column":8},"end":{"line":28,"column":46}},"10":{"start":{"line":30,"column":8},"end":{"line":30,"column":47}},"11":{"start":{"line":32,"column":8},"end":{"line":32,"column":47}},"12":{"start":{"line":43,"column":0},"end":{"line":43,"column":20}}},"fnMap":{"0":{"name":"(anonymous_1)","decl":{"start":{"line":10,"column":16},"end":{"line":10,"column":17}},"loc":{"start":{"line":10,"column":31},"end":{"line":10,"column":57}}},"1":{"name":"(anonymous_2)","decl":{"start":{"line":14,"column":13},"end":{"line":14,"column":14}},"loc":{"start":{"line":14,"column":40},"end":{"line":23,"column":3}}},"2":{"name":"(anonymous_3)","decl":{"start":{"line":25,"column":16},"end":{"line":25,"column":17}},"loc":{"start":{"line":25,"column":45},"end":{"line":34,"column":3}}}},"branchMap":{"0":{"loc":{"start":{"line":14,"column":16},"end":{"line":14,"column":34}},"type":"default-arg","locations":[{"start":{"line":14,"column":26},"end":{"line":14,"column":34}}]},"1":{"loc":{"start":{"line":15,"column":4},"end":{"line":22,"column":5}},"type":"switch","locations":[{"start":{"line":16,"column":6},"end":{"line":17,"column":22}},{"start":{"line":18,"column":6},"end":{"line":19,"column":22}},{"start":{"line":20,"column":6},"end":{"line":21,"column":24}}]},"2":{"loc":{"start":{"line":25,"column":19},"end":{"line":25,"column":39}},"type":"default-arg","locations":[{"start":{"line":25,"column":31},"end":{"line":25,"column":39}}]},"3":{"loc":{"start":{"line":26,"column":4},"end":{"line":33,"column":5}},"type":"switch","locations":[{"start":{"line":27,"column":6},"end":{"line":28,"column":46}},{"start":{"line":29,"column":6},"end":{"line":30,"column":47}},{"start":{"line":31,"column":6},"end":{"line":32,"column":47}}]}},"s":{"0":0,"1":0,"2":0,"3":0,"4":0,"5":0,"6":0,"7":0,"8":0,"9":0,"10":0,"11":0,"12":0},"f":{"0":0,"1":0,"2":0},"b":{"0":[0],"1":[0,0,0],"2":[0],"3":[0,0,0]}}
,"/home/amir/projects/personal-projects/my-portfolio/fornt/my-app/my-app/src/components/common/ErrorBoundary.tsx": {"path":"/home/amir/projects/personal-projects/my-portfolio/fornt/my-app/my-app/src/components/common/ErrorBoundary.tsx","statementMap":{"0":{"start":{"line":1,"column":0},"end":{"line":1,"column":56}},"1":{"start":{"line":2,"column":0},"end":{"line":2,"column":39}},"2":{"start":{"line":13,"column":23},"end":{"line":21,"column":2}},"3":{"start":{"line":23,"column":19},"end":{"line":26,"column":2}},"4":{"start":{"line":24,"column":26},"end":{"line":24,"column":44}},"5":{"start":{"line":28,"column":21},"end":{"line":31,"column":2}},"6":{"start":{"line":29,"column":26},"end":{"line":29,"column":46}},"7":{"start":{"line":33,"column":21},"end":{"line":46,"column":2}},"8":{"start":{"line":34,"column":31},"end":{"line":34,"column":51}},"9":{"start":{"line":35,"column":26},"end":{"line":35,"column":50}},"10":{"start":{"line":49,"column":9},"end":{"line":51,"column":null}},"11":{"start":{"line":61,"column":10},"end":{"line":63,"column":null}},"12":{"start":{"line":62,"column":4},"end":{"line":62,"column":29}},"13":{"start":{"line":54,"column":4},"end":{"line":54,"column":37}},"14":{"start":{"line":58,"column":4},"end":{"line":58,"column":55}},"15":{"start":{"line":66,"column":4},"end":{"line":76,"column":5}},"16":{"start":{"line":67,"column":6},"end":{"line":75,"column":8}},"17":{"start":{"line":78,"column":4},"end":{"line":78,"column":31}},"18":{"start":{"line":48,"column":0},"end":{"line":48,"column":13}}},"fnMap":{"0":{"name":"(anonymous_1)","decl":{"start":{"line":24,"column":11},"end":{"line":24,"column":12}},"loc":{"start":{"line":24,"column":26},"end":{"line":24,"column":44}}},"1":{"name":"(anonymous_2)","decl":{"start":{"line":29,"column":11},"end":{"line":29,"column":12}},"loc":{"start":{"line":29,"column":26},"end":{"line":29,"column":46}}},"2":{"name":"(anonymous_3)","decl":{"start":{"line":34,"column":16},"end":{"line":34,"column":17}},"loc":{"start":{"line":34,"column":31},"end":{"line":34,"column":51}}},"3":{"name":"(anonymous_4)","decl":{"start":{"line":35,"column":11},"end":{"line":35,"column":12}},"loc":{"start":{"line":35,"column":26},"end":{"line":35,"column":50}}},"4":{"name":"(anonymous_5)","decl":{"start":{"line":48,"column":0},"end":{"line":48,"column":13}},"loc":{"start":{"line":48,"column":0},"end":{"line":80,"column":1}}},"5":{"name":"(anonymous_6)","decl":{"start":{"line":61,"column":25},"end":{"line":61,"column":28}},"loc":{"start":{"line":61,"column":30},"end":{"line":63,"column":3}}},"6":{"name":"(anonymous_7)","decl":{"start":{"line":53,"column":9},"end":{"line":53,"column":15}},"loc":{"start":{"line":53,"column":53},"end":{"line":55,"column":3}}},"7":{"name":"(anonymous_8)","decl":{"start":{"line":57,"column":9},"end":{"line":57,"column":26}},"loc":{"start":{"line":57,"column":61},"end":{"line":59,"column":3}}},"8":{"name":"(anonymous_9)","decl":{"start":{"line":65,"column":9},"end":{"line":65,"column":15}},"loc":{"start":{"line":65,"column":15},"end":{"line":79,"column":3}}}},"branchMap":{"0":{"loc":{"start":{"line":66,"column":4},"end":{"line":76,"column":5}},"type":"if","locations":[{"start":{"line":66,"column":4},"end":{"line":76,"column":5}}]},"1":{"loc":{"start":{"line":71,"column":13},"end":{"line":71,"column":72}},"type":"binary-expr","locations":[{"start":{"line":71,"column":13},"end":{"line":71,"column":38}},{"start":{"line":71,"column":42},"end":{"line":71,"column":72}}]}},"s":{"0":0,"1":0,"2":0,"3":0,"4":0,"5":0,"6":0,"7":0,"8":0,"9":0,"10":0,"11":0,"12":0,"13":0,"14":0,"15":0,"16":0,"17":0,"18":0},"f":{"0":0,"1":0,"2":0,"3":0,"4":0,"5":0,"6":0,"7":0,"8":0},"b":{"0":[0],"1":[0,0]}}
,"/home/amir/projects/personal-projects/my-portfolio/fornt/my-app/my-app/src/components/common/FilterTabs.tsx": {"path":"/home/amir/projects/personal-projects/my-portfolio/fornt/my-app/my-app/src/components/common/FilterTabs.tsx","statementMap":{"0":{"start":{"line":52,"column":0},"end":{"line":52,"column":16}},"1":{"start":{"line":1,"column":0},"end":{"line":1,"column":39}},"2":{"start":{"line":2,"column":0},"end":{"line":2,"column":39}},"3":{"start":{"line":10,"column":22},"end":{"line":30,"column":2}},"4":{"start":{"line":22,"column":33},"end":{"line":22,"column":59}},"5":{"start":{"line":27,"column":33},"end":{"line":27,"column":53}},"6":{"start":{"line":32,"column":12},"end":{"line":50,"column":2}},"7":{"start":{"line":36,"column":4},"end":{"line":36,"column":57}},"8":{"start":{"line":38,"column":4},"end":{"line":38,"column":58}},"9":{"start":{"line":48,"column":6},"end":{"line":48,"column":64}},"10":{"start":{"line":57,"column":2},"end":{"line":70,"column":4}},"11":{"start":{"line":60,"column":8},"end":{"line":61,"column":null}},"12":{"start":{"line":63,"column":25},"end":{"line":63,"column":51}}},"fnMap":{"0":{"name":"(anonymous_1)","decl":{"start":{"line":22,"column":18},"end":{"line":22,"column":19}},"loc":{"start":{"line":22,"column":33},"end":{"line":22,"column":59}}},"1":{"name":"(anonymous_2)","decl":{"start":{"line":27,"column":18},"end":{"line":27,"column":19}},"loc":{"start":{"line":27,"column":33},"end":{"line":27,"column":53}}},"2":{"name":"(anonymous_3)","decl":{"start":{"line":35,"column":16},"end":{"line":35,"column":17}},"loc":{"start":{"line":36,"column":4},"end":{"line":36,"column":57}}},"3":{"name":"(anonymous_4)","decl":{"start":{"line":37,"column":11},"end":{"line":37,"column":12}},"loc":{"start":{"line":38,"column":4},"end":{"line":38,"column":58}}},"4":{"name":"(anonymous_5)","decl":{"start":{"line":47,"column":18},"end":{"line":47,"column":19}},"loc":{"start":{"line":48,"column":6},"end":{"line":48,"column":64}}},"5":{"name":"FilterTabs","decl":{"start":{"line":52,"column":16},"end":{"line":52,"column":26}},"loc":{"start":{"line":56,"column":21},"end":{"line":71,"column":1}}},"6":{"name":"(anonymous_7)","decl":{"start":{"line":59,"column":22},"end":{"line":59,"column":23}},"loc":{"start":{"line":60,"column":8},"end":{"line":61,"column":null}}},"7":{"name":"(anonymous_8)","decl":{"start":{"line":63,"column":19},"end":{"line":63,"column":22}},"loc":{"start":{"line":63,"column":25},"end":{"line":63,"column":51}}}},"branchMap":{"0":{"loc":{"start":{"line":36,"column":4},"end":{"line":36,"column":57}},"type":"cond-expr","locations":[{"start":{"line":36,"column":13},"end":{"line":36,"column":33}},{"start":{"line":36,"column":36},"end":{"line":36,"column":57}}]},"1":{"loc":{"start":{"line":38,"column":4},"end":{"line":38,"column":58}},"type":"cond-expr","locations":[{"start":{"line":38,"column":13},"end":{"line":38,"column":37}},{"start":{"line":38,"column":40},"end":{"line":38,"column":58}}]},"2":{"loc":{"start":{"line":48,"column":6},"end":{"line":48,"column":64}},"type":"cond-expr","locations":[{"start":{"line":48,"column":15},"end":{"line":48,"column":35}},{"start":{"line":48,"column":38},"end":{"line":48,"column":64}}]}},"s":{"0":0,"1":0,"2":0,"3":0,"4":0,"5":0,"6":0,"7":0,"8":0,"9":0,"10":0,"11":0,"12":0},"f":{"0":0,"1":0,"2":0,"3":0,"4":0,"5":0,"6":0,"7":0},"b":{"0":[0,0],"1":[0,0],"2":[0,0]}}
,"/home/amir/projects/personal-projects/my-portfolio/fornt/my-app/my-app/src/components/common/LoadingSpinner.tsx": {"path":"/home/amir/projects/personal-projects/my-portfolio/fornt/my-app/my-app/src/components/common/LoadingSpinner.tsx","statementMap":{"0":{"start":{"line":1,"column":0},"end":{"line":1,"column":54}},"1":{"start":{"line":3,"column":13},"end":{"line":10,"column":2}},"2":{"start":{"line":12,"column":23},"end":{"line":17,"column":2}},"3":{"start":{"line":19,"column":16},"end":{"line":26,"column":2}},"4":{"start":{"line":22,"column":37},"end":{"line":22,"column":63}},"5":{"start":{"line":23,"column":41},"end":{"line":23,"column":61}},"6":{"start":{"line":28,"column":30},"end":{"line":31,"column":null}},"7":{"start":{"line":29,"column":2},"end":{"line":30,"column":null}},"8":{"start":{"line":28,"column":13},"end":{"line":28,"column":30}}},"fnMap":{"0":{"name":"(anonymous_9)","decl":{"start":{"line":22,"column":22},"end":{"line":22,"column":23}},"loc":{"start":{"line":22,"column":37},"end":{"line":22,"column":63}}},"1":{"name":"(anonymous_10)","decl":{"start":{"line":23,"column":26},"end":{"line":23,"column":27}},"loc":{"start":{"line":23,"column":41},"end":{"line":23,"column":61}}},"2":{"name":"(anonymous_11)","decl":{"start":{"line":28,"column":30},"end":{"line":28,"column":33}},"loc":{"start":{"line":29,"column":2},"end":{"line":30,"column":null}}}},"branchMap":{},"s":{"0":0,"1":0,"2":0,"3":0,"4":0,"5":0,"6":0,"7":0,"8":0},"f":{"0":0,"1":0,"2":0},"b":{}}
,"/home/amir/projects/personal-projects/my-portfolio/fornt/my-app/my-app/src/components/common/SEO.tsx": {"path":"/home/amir/projects/personal-projects/my-portfolio/fornt/my-app/my-app/src/components/common/SEO.tsx","statementMap":{"0":{"start":{"line":1,"column":0},"end":{"line":1,"column":44}},"1":{"start":{"line":10,"column":19},"end":{"line":43,"column":1}},"2":{"start":{"line":16,"column":18},"end":{"line":16,"column":40}},"3":{"start":{"line":18,"column":2},"end":{"line":42,"column":4}},"4":{"start":{"line":10,"column":13},"end":{"line":10,"column":19}}},"fnMap":{"0":{"name":"(anonymous_0)","decl":{"start":{"line":10,"column":19},"end":{"line":10,"column":20}},"loc":{"start":{"line":15,"column":15},"end":{"line":43,"column":1}}}},"branchMap":{"0":{"loc":{"start":{"line":11,"column":2},"end":{"line":11,"column":33}},"type":"default-arg","locations":[{"start":{"line":11,"column":10},"end":{"line":11,"column":33}}]},"1":{"loc":{"start":{"line":12,"column":2},"end":{"line":12,"column":95}},"type":"default-arg","locations":[{"start":{"line":12,"column":16},"end":{"line":12,"column":95}}]},"2":{"loc":{"start":{"line":13,"column":2},"end":{"line":13,"column":77}},"type":"default-arg","locations":[{"start":{"line":13,"column":13},"end":{"line":13,"column":77}}]},"3":{"loc":{"start":{"line":14,"column":2},"end":{"line":14,"column":25}},"type":"default-arg","locations":[{"start":{"line":14,"column":10},"end":{"line":14,"column":25}}]}},"s":{"0":0,"1":0,"2":0,"3":0,"4":0},"f":{"0":0},"b":{"0":[0],"1":[0],"2":[0],"3":[0]}}
,"/home/amir/projects/personal-projects/my-portfolio/fornt/my-app/my-app/src/components/layout/Header.tsx": {"path":"/home/amir/projects/personal-projects/my-portfolio/fornt/my-app/my-app/src/components/layout/Header.tsx","statementMap":{"0":{"start":{"line":1,"column":0},"end":{"line":1,"column":39}},"1":{"start":{"line":2,"column":0},"end":{"line":2,"column":39}},"2":{"start":{"line":3,"column":0},"end":{"line":3,"column":51}},"3":{"start":{"line":4,"column":0},"end":{"line":4,"column":47}},"4":{"start":{"line":5,"column":0},"end":{"line":5,"column":54}},"5":{"start":{"line":6,"column":0},"end":{"line":6,"column":67}},"6":{"start":{"line":8,"column":15},"end":{"line":54,"column":1}},"7":{"start":{"line":9,"column":33},"end":{"line":9,"column":43}},"8":{"start":{"line":10,"column":45},"end":{"line":10,"column":60}},"9":{"start":{"line":11,"column":17},"end":{"line":11,"column":38}},"10":{"start":{"line":13,"column":60},"end":{"line":18,"column":4}},"11":{"start":{"line":20,"column":2},"end":{"line":53,"column":4}},"12":{"start":{"line":30,"column":12},"end":{"line":31,"column":null}},"13":{"start":{"line":32,"column":29},"end":{"line":32,"column":53}},"14":{"start":{"line":56,"column":24},"end":{"line":64,"column":2}},"15":{"start":{"line":66,"column":22},"end":{"line":74,"column":2}},"16":{"start":{"line":76,"column":14},"end":{"line":81,"column":2}},"17":{"start":{"line":80,"column":26},"end":{"line":80,"column":44}},"18":{"start":{"line":83,"column":18},"end":{"line":86,"column":2}},"19":{"start":{"line":88,"column":19},"end":{"line":92,"column":2}},"20":{"start":{"line":98,"column":16},"end":{"line":112,"column":2}},"21":{"start":{"line":103,"column":4},"end":{"line":103,"column":57}},"22":{"start":{"line":110,"column":28},"end":{"line":110,"column":48}},"23":{"start":{"line":114,"column":20},"end":{"line":123,"column":2}},"24":{"start":{"line":118,"column":26},"end":{"line":118,"column":44}},"25":{"start":{"line":125,"column":0},"end":{"line":125,"column":22}}},"fnMap":{"0":{"name":"(anonymous_1)","decl":{"start":{"line":8,"column":15},"end":{"line":8,"column":18}},"loc":{"start":{"line":8,"column":20},"end":{"line":54,"column":1}}},"1":{"name":"(anonymous_2)","decl":{"start":{"line":29,"column":31},"end":{"line":29,"column":32}},"loc":{"start":{"line":30,"column":12},"end":{"line":31,"column":null}}},"2":{"name":"(anonymous_3)","decl":{"start":{"line":32,"column":23},"end":{"line":32,"column":26}},"loc":{"start":{"line":32,"column":29},"end":{"line":32,"column":53}}},"3":{"name":"(anonymous_4)","decl":{"start":{"line":80,"column":11},"end":{"line":80,"column":12}},"loc":{"start":{"line":80,"column":26},"end":{"line":80,"column":44}}},"4":{"name":"(anonymous_5)","decl":{"start":{"line":102,"column":11},"end":{"line":102,"column":12}},"loc":{"start":{"line":103,"column":4},"end":{"line":103,"column":57}}},"5":{"name":"(anonymous_6)","decl":{"start":{"line":110,"column":13},"end":{"line":110,"column":14}},"loc":{"start":{"line":110,"column":28},"end":{"line":110,"column":48}}},"6":{"name":"(anonymous_7)","decl":{"start":{"line":118,"column":11},"end":{"line":118,"column":12}},"loc":{"start":{"line":118,"column":26},"end":{"line":118,"column":44}}}},"branchMap":{"0":{"loc":{"start":{"line":46,"column":24},"end":{"line":46,"column":81}},"type":"cond-expr","locations":[{"start":{"line":46,"column":33},"end":{"line":46,"column":56}},{"start":{"line":46,"column":59},"end":{"line":46,"column":81}}]},"1":{"loc":{"start":{"line":48,"column":13},"end":{"line":48,"column":64}},"type":"cond-expr","locations":[{"start":{"line":48,"column":22},"end":{"line":48,"column":41}},{"start":{"line":48,"column":44},"end":{"line":48,"column":64}}]},"2":{"loc":{"start":{"line":103,"column":4},"end":{"line":103,"column":57}},"type":"cond-expr","locations":[{"start":{"line":103,"column":16},"end":{"line":103,"column":36}},{"start":{"line":103,"column":39},"end":{"line":103,"column":57}}]}},"s":{"0":1,"1":1,"2":1,"3":1,"4":1,"5":1,"6":1,"7":6,"8":6,"9":6,"10":6,"11":6,"12":24,"13":1,"14":1,"15":1,"16":1,"17":6,"18":1,"19":1,"20":1,"21":24,"22":24,"23":1,"24":6,"25":1},"f":{"0":6,"1":24,"2":1,"3":6,"4":24,"5":24,"6":6},"b":{"0":[5,1],"1":[5,1],"2":[6,18]}}
,"/home/amir/projects/personal-projects/my-portfolio/fornt/my-app/my-app/src/components/layout/MainLayout.tsx": {"path":"/home/amir/projects/personal-projects/my-portfolio/fornt/my-app/my-app/src/components/layout/MainLayout.tsx","statementMap":{"0":{"start":{"line":2,"column":0},"end":{"line":2,"column":39}},"1":{"start":{"line":3,"column":0},"end":{"line":3,"column":39}},"2":{"start":{"line":4,"column":0},"end":{"line":4,"column":30}},"3":{"start":{"line":10,"column":19},"end":{"line":27,"column":1}},"4":{"start":{"line":11,"column":2},"end":{"line":26,"column":4}},"5":{"start":{"line":29,"column":24},"end":{"line":32,"column":2}},"6":{"start":{"line":34,"column":19},"end":{"line":43,"column":2}},"7":{"start":{"line":41,"column":31},"end":{"line":41,"column":55}},"8":{"start":{"line":45,"column":19},"end":{"line":55,"column":2}},"9":{"start":{"line":52,"column":31},"end":{"line":52,"column":51}},"10":{"start":{"line":57,"column":13},"end":{"line":61,"column":2}},"11":{"start":{"line":63,"column":0},"end":{"line":63,"column":26}}},"fnMap":{"0":{"name":"(anonymous_1)","decl":{"start":{"line":10,"column":19},"end":{"line":10,"column":20}},"loc":{"start":{"line":10,"column":53},"end":{"line":27,"column":1}}},"1":{"name":"(anonymous_2)","decl":{"start":{"line":41,"column":16},"end":{"line":41,"column":17}},"loc":{"start":{"line":41,"column":31},"end":{"line":41,"column":55}}},"2":{"name":"(anonymous_3)","decl":{"start":{"line":52,"column":16},"end":{"line":52,"column":17}},"loc":{"start":{"line":52,"column":31},"end":{"line":52,"column":51}}}},"branchMap":{},"s":{"0":0,"1":0,"2":0,"3":0,"4":0,"5":0,"6":0,"7":0,"8":0,"9":0,"10":0,"11":0},"f":{"0":0,"1":0,"2":0},"b":{}}
,"/home/amir/projects/personal-projects/my-portfolio/fornt/my-app/my-app/src/components/sections/Contact.tsx": {"path":"/home/amir/projects/personal-projects/my-portfolio/fornt/my-app/my-app/src/components/sections/Contact.tsx","statementMap":{"0":{"start":{"line":1,"column":0},"end":{"line":1,"column":39}},"1":{"start":{"line":2,"column":0},"end":{"line":2,"column":39}},"2":{"start":{"line":3,"column":0},"end":{"line":3,"column":66}},"3":{"start":{"line":4,"column":0},"end":{"line":4,"column":67}},"4":{"start":{"line":7,"column":26},"end":{"line":10,"column":2}},"5":{"start":{"line":12,"column":21},"end":{"line":15,"column":2}},"6":{"start":{"line":18,"column":23},"end":{"line":40,"column":2}},"7":{"start":{"line":42,"column":16},"end":{"line":71,"column":null}},"8":{"start":{"line":43,"column":2},"end":{"line":70,"column":null}},"9":{"start":{"line":57,"column":8},"end":{"line":57,"column":37}},"10":{"start":{"line":75,"column":16},"end":{"line":83,"column":2}},"11":{"start":{"line":85,"column":22},"end":{"line":88,"column":2}},"12":{"start":{"line":90,"column":21},"end":{"line":96,"column":2}},"13":{"start":{"line":93,"column":31},"end":{"line":93,"column":53}},"14":{"start":{"line":98,"column":24},"end":{"line":103,"column":2}},"15":{"start":{"line":99,"column":26},"end":{"line":99,"column":46}},"16":{"start":{"line":105,"column":20},"end":{"line":110,"column":2}},"17":{"start":{"line":112,"column":20},"end":{"line":124,"column":2}},"18":{"start":{"line":113,"column":31},"end":{"line":113,"column":52}},"19":{"start":{"line":126,"column":22},"end":{"line":136,"column":2}},"20":{"start":{"line":127,"column":31},"end":{"line":127,"column":57}},"21":{"start":{"line":135,"column":26},"end":{"line":135,"column":46}},"22":{"start":{"line":138,"column":21},"end":{"line":142,"column":2}},"23":{"start":{"line":140,"column":26},"end":{"line":140,"column":44}},"24":{"start":{"line":144,"column":21},"end":{"line":148,"column":2}},"25":{"start":{"line":145,"column":26},"end":{"line":145,"column":46}},"26":{"start":{"line":150,"column":20},"end":{"line":157,"column":2}},"27":{"start":{"line":152,"column":26},"end":{"line":152,"column":46}},"28":{"start":{"line":159,"column":0},"end":{"line":159,"column":23}}},"fnMap":{"0":{"name":"(anonymous_1)","decl":{"start":{"line":42,"column":16},"end":{"line":42,"column":19}},"loc":{"start":{"line":43,"column":2},"end":{"line":70,"column":null}}},"1":{"name":"(anonymous_2)","decl":{"start":{"line":56,"column":26},"end":{"line":56,"column":27}},"loc":{"start":{"line":57,"column":8},"end":{"line":57,"column":37}}},"2":{"name":"(anonymous_3)","decl":{"start":{"line":93,"column":16},"end":{"line":93,"column":17}},"loc":{"start":{"line":93,"column":31},"end":{"line":93,"column":53}}},"3":{"name":"(anonymous_4)","decl":{"start":{"line":99,"column":11},"end":{"line":99,"column":12}},"loc":{"start":{"line":99,"column":26},"end":{"line":99,"column":46}}},"4":{"name":"(anonymous_5)","decl":{"start":{"line":113,"column":16},"end":{"line":113,"column":17}},"loc":{"start":{"line":113,"column":31},"end":{"line":113,"column":52}}},"5":{"name":"(anonymous_6)","decl":{"start":{"line":127,"column":16},"end":{"line":127,"column":17}},"loc":{"start":{"line":127,"column":31},"end":{"line":127,"column":57}}},"6":{"name":"(anonymous_7)","decl":{"start":{"line":135,"column":11},"end":{"line":135,"column":12}},"loc":{"start":{"line":135,"column":26},"end":{"line":135,"column":46}}},"7":{"name":"(anonymous_8)","decl":{"start":{"line":140,"column":11},"end":{"line":140,"column":12}},"loc":{"start":{"line":140,"column":26},"end":{"line":140,"column":44}}},"8":{"name":"(anonymous_9)","decl":{"start":{"line":145,"column":11},"end":{"line":145,"column":12}},"loc":{"start":{"line":145,"column":26},"end":{"line":145,"column":46}}},"9":{"name":"(anonymous_10)","decl":{"start":{"line":152,"column":11},"end":{"line":152,"column":12}},"loc":{"start":{"line":152,"column":26},"end":{"line":152,"column":46}}}},"branchMap":{},"s":{"0":0,"1":0,"2":0,"3":0,"4":0,"5":0,"6":0,"7":0,"8":0,"9":0,"10":0,"11":0,"12":0,"13":0,"14":0,"15":0,"16":0,"17":0,"18":0,"19":0,"20":0,"21":0,"22":0,"23":0,"24":0,"25":0,"26":0,"27":0,"28":0},"f":{"0":0,"1":0,"2":0,"3":0,"4":0,"5":0,"6":0,"7":0,"8":0,"9":0},"b":{}}
,"/home/amir/projects/personal-projects/my-portfolio/fornt/my-app/my-app/src/components/sections/Hero.tsx": {"path":"/home/amir/projects/personal-projects/my-portfolio/fornt/my-app/my-app/src/components/sections/Hero.tsx","statementMap":{"0":{"start":{"line":1,"column":0},"end":{"line":1,"column":39}},"1":{"start":{"line":2,"column":0},"end":{"line":2,"column":39}},"2":{"start":{"line":3,"column":0},"end":{"line":3,"column":66}},"3":{"start":{"line":4,"column":0},"end":{"line":4,"column":52}},"4":{"start":{"line":6,"column":26},"end":{"line":15,"column":2}},"5":{"start":{"line":17,"column":21},"end":{"line":24,"column":2}},"6":{"start":{"line":26,"column":13},"end":{"line":70,"column":null}},"7":{"start":{"line":27,"column":2},"end":{"line":69,"column":null}},"8":{"start":{"line":73,"column":20},"end":{"line":81,"column":2}},"9":{"start":{"line":83,"column":23},"end":{"line":91,"column":2}},"10":{"start":{"line":93,"column":21},"end":{"line":95,"column":2}},"11":{"start":{"line":97,"column":17},"end":{"line":102,"column":2}},"12":{"start":{"line":98,"column":26},"end":{"line":98,"column":46}},"13":{"start":{"line":104,"column":13},"end":{"line":112,"column":2}},"14":{"start":{"line":108,"column":31},"end":{"line":108,"column":53}},"15":{"start":{"line":114,"column":14},"end":{"line":118,"column":2}},"16":{"start":{"line":116,"column":26},"end":{"line":116,"column":46}},"17":{"start":{"line":120,"column":20},"end":{"line":126,"column":2}},"18":{"start":{"line":122,"column":26},"end":{"line":122,"column":46}},"19":{"start":{"line":128,"column":21},"end":{"line":133,"column":2}},"20":{"start":{"line":135,"column":20},"end":{"line":138,"column":2}},"21":{"start":{"line":140,"column":19},"end":{"line":148,"column":2}},"22":{"start":{"line":141,"column":26},"end":{"line":141,"column":46}},"23":{"start":{"line":145,"column":28},"end":{"line":145,"column":48}},"24":{"start":{"line":150,"column":18},"end":{"line":163,"column":2}},"25":{"start":{"line":151,"column":31},"end":{"line":151,"column":53}},"26":{"start":{"line":152,"column":26},"end":{"line":152,"column":44}},"27":{"start":{"line":165,"column":0},"end":{"line":165,"column":20}}},"fnMap":{"0":{"name":"(anonymous_1)","decl":{"start":{"line":26,"column":13},"end":{"line":26,"column":16}},"loc":{"start":{"line":27,"column":2},"end":{"line":69,"column":null}}},"1":{"name":"(anonymous_2)","decl":{"start":{"line":98,"column":11},"end":{"line":98,"column":12}},"loc":{"start":{"line":98,"column":26},"end":{"line":98,"column":46}}},"2":{"name":"(anonymous_3)","decl":{"start":{"line":108,"column":16},"end":{"line":108,"column":17}},"loc":{"start":{"line":108,"column":31},"end":{"line":108,"column":53}}},"3":{"name":"(anonymous_4)","decl":{"start":{"line":116,"column":11},"end":{"line":116,"column":12}},"loc":{"start":{"line":116,"column":26},"end":{"line":116,"column":46}}},"4":{"name":"(anonymous_5)","decl":{"start":{"line":122,"column":11},"end":{"line":122,"column":12}},"loc":{"start":{"line":122,"column":26},"end":{"line":122,"column":46}}},"5":{"name":"(anonymous_6)","decl":{"start":{"line":141,"column":11},"end":{"line":141,"column":12}},"loc":{"start":{"line":141,"column":26},"end":{"line":141,"column":46}}},"6":{"name":"(anonymous_7)","decl":{"start":{"line":145,"column":13},"end":{"line":145,"column":14}},"loc":{"start":{"line":145,"column":28},"end":{"line":145,"column":48}}},"7":{"name":"(anonymous_8)","decl":{"start":{"line":151,"column":16},"end":{"line":151,"column":17}},"loc":{"start":{"line":151,"column":31},"end":{"line":151,"column":53}}},"8":{"name":"(anonymous_9)","decl":{"start":{"line":152,"column":11},"end":{"line":152,"column":12}},"loc":{"start":{"line":152,"column":26},"end":{"line":152,"column":44}}}},"branchMap":{},"s":{"0":0,"1":0,"2":0,"3":0,"4":0,"5":0,"6":0,"7":0,"8":0,"9":0,"10":0,"11":0,"12":0,"13":0,"14":0,"15":0,"16":0,"17":0,"18":0,"19":0,"20":0,"21":0,"22":0,"23":0,"24":0,"25":0,"26":0,"27":0},"f":{"0":0,"1":0,"2":0,"3":0,"4":0,"5":0,"6":0,"7":0,"8":0},"b":{}}
,"/home/amir/projects/personal-projects/my-portfolio/fornt/my-app/my-app/src/components/sections/Projects.tsx": {"path":"/home/amir/projects/personal-projects/my-portfolio/fornt/my-app/my-app/src/components/sections/Projects.tsx","statementMap":{"0":{"start":{"line":1,"column":0},"end":{"line":1,"column":39}},"1":{"start":{"line":2,"column":0},"end":{"line":2,"column":39}},"2":{"start":{"line":3,"column":0},"end":{"line":3,"column":61}},"3":{"start":{"line":4,"column":0},"end":{"line":4,"column":52}},"4":{"start":{"line":7,"column":26},"end":{"line":13,"column":2}},"5":{"start":{"line":15,"column":21},"end":{"line":18,"column":2}},"6":{"start":{"line":21,"column":20},"end":{"line":65,"column":2}},"7":{"start":{"line":67,"column":17},"end":{"line":115,"column":null}},"8":{"start":{"line":68,"column":2},"end":{"line":114,"column":null}},"9":{"start":{"line":82,"column":8},"end":{"line":82,"column":38}},"10":{"start":{"line":91,"column":16},"end":{"line":91,"column":37}},"11":{"start":{"line":119,"column":22},"end":{"line":122,"column":2}},"12":{"start":{"line":124,"column":21},"end":{"line":130,"column":2}},"13":{"start":{"line":127,"column":31},"end":{"line":127,"column":53}},"14":{"start":{"line":132,"column":24},"end":{"line":137,"column":2}},"15":{"start":{"line":133,"column":26},"end":{"line":133,"column":46}},"16":{"start":{"line":139,"column":20},"end":{"line":144,"column":2}},"17":{"start":{"line":146,"column":20},"end":{"line":158,"column":2}},"18":{"start":{"line":147,"column":31},"end":{"line":147,"column":52}},"19":{"start":{"line":160,"column":28},"end":{"line":164,"column":2}},"20":{"start":{"line":166,"column":21},"end":{"line":170,"column":2}},"21":{"start":{"line":172,"column":23},"end":{"line":177,"column":2}},"22":{"start":{"line":179,"column":21},"end":{"line":182,"column":2}},"23":{"start":{"line":181,"column":26},"end":{"line":181,"column":44}},"24":{"start":{"line":184,"column":27},"end":{"line":187,"column":2}},"25":{"start":{"line":185,"column":26},"end":{"line":185,"column":46}},"26":{"start":{"line":189,"column":18},"end":{"line":193,"column":2}},"27":{"start":{"line":195,"column":16},"end":{"line":202,"column":2}},"28":{"start":{"line":196,"column":31},"end":{"line":196,"column":57}},"29":{"start":{"line":197,"column":26},"end":{"line":197,"column":46}},"30":{"start":{"line":201,"column":37},"end":{"line":201,"column":57}},"31":{"start":{"line":204,"column":14},"end":{"line":207,"column":2}},"32":{"start":{"line":209,"column":20},"end":{"line":215,"column":2}},"33":{"start":{"line":210,"column":26},"end":{"line":210,"column":44}},"34":{"start":{"line":213,"column":28},"end":{"line":213,"column":48}},"35":{"start":{"line":217,"column":17},"end":{"line":230,"column":2}},"36":{"start":{"line":223,"column":31},"end":{"line":223,"column":53}},"37":{"start":{"line":232,"column":0},"end":{"line":232,"column":24}}},"fnMap":{"0":{"name":"(anonymous_1)","decl":{"start":{"line":67,"column":17},"end":{"line":67,"column":20}},"loc":{"start":{"line":68,"column":2},"end":{"line":114,"column":null}}},"1":{"name":"(anonymous_2)","decl":{"start":{"line":81,"column":23},"end":{"line":81,"column":24}},"loc":{"start":{"line":82,"column":8},"end":{"line":82,"column":38}}},"2":{"name":"(anonymous_3)","decl":{"start":{"line":90,"column":37},"end":{"line":90,"column":38}},"loc":{"start":{"line":91,"column":16},"end":{"line":91,"column":37}}},"3":{"name":"(anonymous_4)","decl":{"start":{"line":127,"column":16},"end":{"line":127,"column":17}},"loc":{"start":{"line":127,"column":31},"end":{"line":127,"column":53}}},"4":{"name":"(anonymous_5)","decl":{"start":{"line":133,"column":11},"end":{"line":133,"column":12}},"loc":{"start":{"line":133,"column":26},"end":{"line":133,"column":46}}},"5":{"name":"(anonymous_6)","decl":{"start":{"line":147,"column":16},"end":{"line":147,"column":17}},"loc":{"start":{"line":147,"column":31},"end":{"line":147,"column":52}}},"6":{"name":"(anonymous_7)","decl":{"start":{"line":181,"column":11},"end":{"line":181,"column":12}},"loc":{"start":{"line":181,"column":26},"end":{"line":181,"column":44}}},"7":{"name":"(anonymous_8)","decl":{"start":{"line":185,"column":11},"end":{"line":185,"column":12}},"loc":{"start":{"line":185,"column":26},"end":{"line":185,"column":46}}},"8":{"name":"(anonymous_9)","decl":{"start":{"line":196,"column":16},"end":{"line":196,"column":17}},"loc":{"start":{"line":196,"column":31},"end":{"line":196,"column":57}}},"9":{"name":"(anonymous_10)","decl":{"start":{"line":197,"column":11},"end":{"line":197,"column":12}},"loc":{"start":{"line":197,"column":26},"end":{"line":197,"column":46}}},"10":{"name":"(anonymous_11)","decl":{"start":{"line":201,"column":22},"end":{"line":201,"column":23}},"loc":{"start":{"line":201,"column":37},"end":{"line":201,"column":57}}},"11":{"name":"(anonymous_12)","decl":{"start":{"line":210,"column":11},"end":{"line":210,"column":12}},"loc":{"start":{"line":210,"column":26},"end":{"line":210,"column":44}}},"12":{"name":"(anonymous_13)","decl":{"start":{"line":213,"column":13},"end":{"line":213,"column":14}},"loc":{"start":{"line":213,"column":28},"end":{"line":213,"column":48}}},"13":{"name":"(anonymous_14)","decl":{"start":{"line":223,"column":16},"end":{"line":223,"column":17}},"loc":{"start":{"line":223,"column":31},"end":{"line":223,"column":53}}}},"branchMap":{},"s":{"0":0,"1":0,"2":0,"3":0,"4":0,"5":0,"6":0,"7":0,"8":0,"9":0,"10":0,"11":0,"12":0,"13":0,"14":0,"15":0,"16":0,"17":0,"18":0,"19":0,"20":0,"21":0,"22":0,"23":0,"24":0,"25":0,"26":0,"27":0,"28":0,"29":0,"30":0,"31":0,"32":0,"33":0,"34":0,"35":0,"36":0,"37":0},"f":{"0":0,"1":0,"2":0,"3":0,"4":0,"5":0,"6":0,"7":0,"8":0,"9":0,"10":0,"11":0,"12":0,"13":0},"b":{}}
,"/home/amir/projects/personal-projects/my-portfolio/fornt/my-app/my-app/src/components/sections/Skills.tsx": {"path":"/home/amir/projects/personal-projects/my-portfolio/fornt/my-app/my-app/src/components/sections/Skills.tsx","statementMap":{"0":{"start":{"line":1,"column":0},"end":{"line":1,"column":39}},"1":{"start":{"line":2,"column":0},"end":{"line":2,"column":39}},"2":{"start":{"line":3,"column":0},"end":{"line":3,"column":null}},"3":{"start":{"line":11,"column":0},"end":{"line":11,"column":52}},"4":{"start":{"line":14,"column":26},"end":{"line":20,"column":2}},"5":{"start":{"line":22,"column":21},"end":{"line":25,"column":2}},"6":{"start":{"line":27,"column":20},"end":{"line":33,"column":2}},"7":{"start":{"line":29,"column":31},"end":{"line":32,"column":4}},"8":{"start":{"line":36,"column":19},"end":{"line":103,"column":2}},"9":{"start":{"line":105,"column":15},"end":{"line":146,"column":null}},"10":{"start":{"line":106,"column":2},"end":{"line":145,"column":null}},"11":{"start":{"line":120,"column":8},"end":{"line":120,"column":37}},"12":{"start":{"line":127,"column":14},"end":{"line":127,"column":null}},"13":{"start":{"line":150,"column":22},"end":{"line":153,"column":2}},"14":{"start":{"line":155,"column":21},"end":{"line":161,"column":2}},"15":{"start":{"line":158,"column":31},"end":{"line":158,"column":53}},"16":{"start":{"line":163,"column":24},"end":{"line":168,"column":2}},"17":{"start":{"line":164,"column":26},"end":{"line":164,"column":46}},"18":{"start":{"line":170,"column":18},"end":{"line":175,"column":2}},"19":{"start":{"line":177,"column":18},"end":{"line":190,"column":2}},"20":{"start":{"line":178,"column":31},"end":{"line":178,"column":52}},"21":{"start":{"line":192,"column":17},"end":{"line":205,"column":2}},"22":{"start":{"line":198,"column":31},"end":{"line":198,"column":53}},"23":{"start":{"line":207,"column":19},"end":{"line":211,"column":2}},"24":{"start":{"line":213,"column":20},"end":{"line":223,"column":2}},"25":{"start":{"line":217,"column":31},"end":{"line":217,"column":57}},"26":{"start":{"line":222,"column":26},"end":{"line":222,"column":46}},"27":{"start":{"line":225,"column":18},"end":{"line":229,"column":2}},"28":{"start":{"line":227,"column":26},"end":{"line":227,"column":44}},"29":{"start":{"line":231,"column":20},"end":{"line":235,"column":2}},"30":{"start":{"line":237,"column":18},"end":{"line":241,"column":2}},"31":{"start":{"line":243,"column":20},"end":{"line":246,"column":2}},"32":{"start":{"line":248,"column":18},"end":{"line":251,"column":2}},"33":{"start":{"line":250,"column":26},"end":{"line":250,"column":46}},"34":{"start":{"line":253,"column":19},"end":{"line":257,"column":2}},"35":{"start":{"line":255,"column":26},"end":{"line":255,"column":46}},"36":{"start":{"line":259,"column":20},"end":{"line":264,"column":2}},"37":{"start":{"line":260,"column":31},"end":{"line":260,"column":57}},"38":{"start":{"line":266,"column":17},"end":{"line":270,"column":2}},"39":{"start":{"line":268,"column":31},"end":{"line":268,"column":53}},"40":{"start":{"line":272,"column":0},"end":{"line":272,"column":22}}},"fnMap":{"0":{"name":"(anonymous_1)","decl":{"start":{"line":29,"column":11},"end":{"line":29,"column":12}},"loc":{"start":{"line":29,"column":31},"end":{"line":32,"column":4}}},"1":{"name":"(anonymous_2)","decl":{"start":{"line":105,"column":15},"end":{"line":105,"column":18}},"loc":{"start":{"line":106,"column":2},"end":{"line":145,"column":null}}},"2":{"name":"(anonymous_3)","decl":{"start":{"line":119,"column":22},"end":{"line":119,"column":23}},"loc":{"start":{"line":120,"column":8},"end":{"line":120,"column":37}}},"3":{"name":"(anonymous_4)","decl":{"start":{"line":126,"column":33},"end":{"line":126,"column":34}},"loc":{"start":{"line":127,"column":14},"end":{"line":127,"column":null}}},"4":{"name":"(anonymous_5)","decl":{"start":{"line":158,"column":16},"end":{"line":158,"column":17}},"loc":{"start":{"line":158,"column":31},"end":{"line":158,"column":53}}},"5":{"name":"(anonymous_6)","decl":{"start":{"line":164,"column":11},"end":{"line":164,"column":12}},"loc":{"start":{"line":164,"column":26},"end":{"line":164,"column":46}}},"6":{"name":"(anonymous_7)","decl":{"start":{"line":178,"column":16},"end":{"line":178,"column":17}},"loc":{"start":{"line":178,"column":31},"end":{"line":178,"column":52}}},"7":{"name":"(anonymous_8)","decl":{"start":{"line":198,"column":16},"end":{"line":198,"column":17}},"loc":{"start":{"line":198,"column":31},"end":{"line":198,"column":53}}},"8":{"name":"(anonymous_9)","decl":{"start":{"line":217,"column":16},"end":{"line":217,"column":17}},"loc":{"start":{"line":217,"column":31},"end":{"line":217,"column":57}}},"9":{"name":"(anonymous_10)","decl":{"start":{"line":222,"column":11},"end":{"line":222,"column":12}},"loc":{"start":{"line":222,"column":26},"end":{"line":222,"column":46}}},"10":{"name":"(anonymous_11)","decl":{"start":{"line":227,"column":11},"end":{"line":227,"column":12}},"loc":{"start":{"line":227,"column":26},"end":{"line":227,"column":44}}},"11":{"name":"(anonymous_12)","decl":{"start":{"line":250,"column":11},"end":{"line":250,"column":12}},"loc":{"start":{"line":250,"column":26},"end":{"line":250,"column":46}}},"12":{"name":"(anonymous_13)","decl":{"start":{"line":255,"column":11},"end":{"line":255,"column":12}},"loc":{"start":{"line":255,"column":26},"end":{"line":255,"column":46}}},"13":{"name":"(anonymous_14)","decl":{"start":{"line":260,"column":16},"end":{"line":260,"column":17}},"loc":{"start":{"line":260,"column":31},"end":{"line":260,"column":57}}},"14":{"name":"(anonymous_15)","decl":{"start":{"line":268,"column":16},"end":{"line":268,"column":17}},"loc":{"start":{"line":268,"column":31},"end":{"line":268,"column":53}}}},"branchMap":{},"s":{"0":0,"1":0,"2":0,"3":0,"4":0,"5":0,"6":0,"7":0,"8":0,"9":0,"10":0,"11":0,"12":0,"13":0,"14":0,"15":0,"16":0,"17":0,"18":0,"19":0,"20":0,"21":0,"22":0,"23":0,"24":0,"25":0,"26":0,"27":0,"28":0,"29":0,"30":0,"31":0,"32":0,"33":0,"34":0,"35":0,"36":0,"37":0,"38":0,"39":0,"40":0},"f":{"0":0,"1":0,"2":0,"3":0,"4":0,"5":0,"6":0,"7":0,"8":0,"9":0,"10":0,"11":0,"12":0,"13":0,"14":0},"b":{}}
,"/home/amir/projects/personal-projects/my-portfolio/fornt/my-app/my-app/src/components/sections/Blog/Blog.tsx": {"path":"/home/amir/projects/personal-projects/my-portfolio/fornt/my-app/my-app/src/components/sections/Blog/Blog.tsx","statementMap":{"0":{"start":{"line":1,"column":0},"end":{"line":1,"column":33}},"1":{"start":{"line":2,"column":0},"end":{"line":2,"column":39}},"2":{"start":{"line":3,"column":0},"end":{"line":3,"column":39}},"3":{"start":{"line":4,"column":0},"end":{"line":4,"column":38}},"4":{"start":{"line":5,"column":0},"end":{"line":5,"column":53}},"5":{"start":{"line":6,"column":0},"end":{"line":6,"column":86}},"6":{"start":{"line":9,"column":16},"end":{"line":11,"column":2}},"7":{"start":{"line":13,"column":18},"end":{"line":17,"column":2}},"8":{"start":{"line":19,"column":15},"end":{"line":22,"column":2}},"9":{"start":{"line":24,"column":14},"end":{"line":28,"column":2}},"10":{"start":{"line":26,"column":26},"end":{"line":26,"column":44}},"11":{"start":{"line":30,"column":17},"end":{"line":35,"column":2}},"12":{"start":{"line":31,"column":26},"end":{"line":31,"column":46}},"13":{"start":{"line":37,"column":13},"end":{"line":41,"column":2}},"14":{"start":{"line":44,"column":32},"end":{"line":57,"column":2}},"15":{"start":{"line":59,"column":35},"end":{"line":59,"column":87}},"16":{"start":{"line":61,"column":13},"end":{"line":98,"column":1}},"17":{"start":{"line":62,"column":46},"end":{"line":62,"column":75}},"18":{"start":{"line":63,"column":28},"end":{"line":63,"column":47}},"19":{"start":{"line":65,"column":24},"end":{"line":66,"column":null}},"20":{"start":{"line":66,"column":12},"end":{"line":66,"column":74}},"21":{"start":{"line":69,"column":2},"end":{"line":97,"column":4}},"22":{"start":{"line":92,"column":12},"end":{"line":92,"column":36}},"23":{"start":{"line":100,"column":0},"end":{"line":100,"column":20}}},"fnMap":{"0":{"name":"(anonymous_1)","decl":{"start":{"line":26,"column":11},"end":{"line":26,"column":12}},"loc":{"start":{"line":26,"column":26},"end":{"line":26,"column":44}}},"1":{"name":"(anonymous_2)","decl":{"start":{"line":31,"column":11},"end":{"line":31,"column":12}},"loc":{"start":{"line":31,"column":26},"end":{"line":31,"column":46}}},"2":{"name":"(anonymous_3)","decl":{"start":{"line":61,"column":13},"end":{"line":61,"column":16}},"loc":{"start":{"line":61,"column":18},"end":{"line":98,"column":1}}},"3":{"name":"(anonymous_4)","decl":{"start":{"line":66,"column":4},"end":{"line":66,"column":8}},"loc":{"start":{"line":66,"column":12},"end":{"line":66,"column":74}}},"4":{"name":"(anonymous_5)","decl":{"start":{"line":91,"column":29},"end":{"line":91,"column":33}},"loc":{"start":{"line":92,"column":12},"end":{"line":92,"column":36}}}},"branchMap":{"0":{"loc":{"start":{"line":66,"column":12},"end":{"line":66,"column":74}},"type":"binary-expr","locations":[{"start":{"line":66,"column":12},"end":{"line":66,"column":36}},{"start":{"line":66,"column":40},"end":{"line":66,"column":74}}]}},"s":{"0":0,"1":0,"2":0,"3":0,"4":0,"5":0,"6":0,"7":0,"8":0,"9":0,"10":0,"11":0,"12":0,"13":0,"14":0,"15":0,"16":0,"17":0,"18":0,"19":0,"20":0,"21":0,"22":0,"23":0},"f":{"0":0,"1":0,"2":0,"3":0,"4":0},"b":{"0":[0,0]}}
,"/home/amir/projects/personal-projects/my-portfolio/fornt/my-app/my-app/src/components/sections/Blog/BlogCard.tsx": {"path":"/home/amir/projects/personal-projects/my-portfolio/fornt/my-app/my-app/src/components/sections/Blog/BlogCard.tsx","statementMap":{"0":{"start":{"line":1,"column":0},"end":{"line":1,"column":39}},"1":{"start":{"line":2,"column":0},"end":{"line":2,"column":39}},"2":{"start":{"line":4,"column":0},"end":{"line":4,"column":60}},"3":{"start":{"line":6,"column":13},"end":{"line":15,"column":2}},"4":{"start":{"line":7,"column":31},"end":{"line":7,"column":52}},"5":{"start":{"line":17,"column":23},"end":{"line":22,"column":2}},"6":{"start":{"line":24,"column":14},"end":{"line":31,"column":2}},"7":{"start":{"line":33,"column":16},"end":{"line":35,"column":2}},"8":{"start":{"line":37,"column":13},"end":{"line":43,"column":2}},"9":{"start":{"line":41,"column":26},"end":{"line":41,"column":46}},"10":{"start":{"line":45,"column":14},"end":{"line":49,"column":2}},"11":{"start":{"line":46,"column":26},"end":{"line":46,"column":44}},"12":{"start":{"line":51,"column":20},"end":{"line":56,"column":2}},"13":{"start":{"line":52,"column":26},"end":{"line":52,"column":46}},"14":{"start":{"line":58,"column":13},"end":{"line":62,"column":2}},"15":{"start":{"line":64,"column":12},"end":{"line":70,"column":2}},"16":{"start":{"line":65,"column":31},"end":{"line":65,"column":51}},"17":{"start":{"line":66,"column":26},"end":{"line":66,"column":46}},"18":{"start":{"line":76,"column":24},"end":{"line":97,"column":1}},"19":{"start":{"line":77,"column":2},"end":{"line":96,"column":4}},"20":{"start":{"line":91,"column":12},"end":{"line":91,"column":28}},"21":{"start":{"line":76,"column":13},"end":{"line":76,"column":24}}},"fnMap":{"0":{"name":"(anonymous_1)","decl":{"start":{"line":7,"column":16},"end":{"line":7,"column":17}},"loc":{"start":{"line":7,"column":31},"end":{"line":7,"column":52}}},"1":{"name":"(anonymous_2)","decl":{"start":{"line":41,"column":11},"end":{"line":41,"column":12}},"loc":{"start":{"line":41,"column":26},"end":{"line":41,"column":46}}},"2":{"name":"(anonymous_3)","decl":{"start":{"line":46,"column":11},"end":{"line":46,"column":12}},"loc":{"start":{"line":46,"column":26},"end":{"line":46,"column":44}}},"3":{"name":"(anonymous_4)","decl":{"start":{"line":52,"column":11},"end":{"line":52,"column":12}},"loc":{"start":{"line":52,"column":26},"end":{"line":52,"column":46}}},"4":{"name":"(anonymous_5)","decl":{"start":{"line":65,"column":16},"end":{"line":65,"column":17}},"loc":{"start":{"line":65,"column":31},"end":{"line":65,"column":51}}},"5":{"name":"(anonymous_6)","decl":{"start":{"line":66,"column":11},"end":{"line":66,"column":12}},"loc":{"start":{"line":66,"column":26},"end":{"line":66,"column":46}}},"6":{"name":"(anonymous_7)","decl":{"start":{"line":76,"column":24},"end":{"line":76,"column":25}},"loc":{"start":{"line":76,"column":52},"end":{"line":97,"column":1}}},"7":{"name":"(anonymous_8)","decl":{"start":{"line":90,"column":25},"end":{"line":90,"column":26}},"loc":{"start":{"line":91,"column":12},"end":{"line":91,"column":28}}}},"branchMap":{},"s":{"0":0,"1":0,"2":0,"3":0,"4":0,"5":0,"6":0,"7":0,"8":0,"9":0,"10":0,"11":0,"12":0,"13":0,"14":0,"15":0,"16":0,"17":0,"18":0,"19":0,"20":0,"21":0},"f":{"0":0,"1":0,"2":0,"3":0,"4":0,"5":0,"6":0,"7":0},"b":{}}
,"/home/amir/projects/personal-projects/my-portfolio/fornt/my-app/my-app/src/components/sections/Hero/Hero.tsx": {"path":"/home/amir/projects/personal-projects/my-portfolio/fornt/my-app/my-app/src/components/sections/Hero/Hero.tsx","statementMap":{"0":{"start":{"line":1,"column":0},"end":{"line":1,"column":39}},"1":{"start":{"line":2,"column":0},"end":{"line":2,"column":39}},"2":{"start":{"line":3,"column":0},"end":{"line":3,"column":81}},"3":{"start":{"line":4,"column":0},"end":{"line":4,"column":63}},"4":{"start":{"line":6,"column":20},"end":{"line":14,"column":2}},"5":{"start":{"line":16,"column":18},"end":{"line":22,"column":2}},"6":{"start":{"line":24,"column":16},"end":{"line":28,"column":2}},"7":{"start":{"line":30,"column":20},"end":{"line":35,"column":2}},"8":{"start":{"line":37,"column":17},"end":{"line":42,"column":2}},"9":{"start":{"line":40,"column":26},"end":{"line":40,"column":46}},"10":{"start":{"line":44,"column":14},"end":{"line":49,"column":2}},"11":{"start":{"line":48,"column":26},"end":{"line":48,"column":44}},"12":{"start":{"line":51,"column":17},"end":{"line":57,"column":2}},"13":{"start":{"line":54,"column":26},"end":{"line":54,"column":46}},"14":{"start":{"line":59,"column":12},"end":{"line":63,"column":2}},"15":{"start":{"line":65,"column":22},"end":{"line":77,"column":2}},"16":{"start":{"line":67,"column":31},"end":{"line":67,"column":51}},"17":{"start":{"line":68,"column":26},"end":{"line":68,"column":50}},"18":{"start":{"line":79,"column":24},"end":{"line":83,"column":2}},"19":{"start":{"line":81,"column":37},"end":{"line":81,"column":57}},"20":{"start":{"line":82,"column":26},"end":{"line":82,"column":46}},"21":{"start":{"line":85,"column":24},"end":{"line":95,"column":2}},"22":{"start":{"line":89,"column":31},"end":{"line":89,"column":51}},"23":{"start":{"line":97,"column":13},"end":{"line":156,"column":1}},"24":{"start":{"line":98,"column":2},"end":{"line":155,"column":4}},"25":{"start":{"line":158,"column":0},"end":{"line":158,"column":20}}},"fnMap":{"0":{"name":"(anonymous_1)","decl":{"start":{"line":40,"column":11},"end":{"line":40,"column":12}},"loc":{"start":{"line":40,"column":26},"end":{"line":40,"column":46}}},"1":{"name":"(anonymous_2)","decl":{"start":{"line":48,"column":11},"end":{"line":48,"column":12}},"loc":{"start":{"line":48,"column":26},"end":{"line":48,"column":44}}},"2":{"name":"(anonymous_3)","decl":{"start":{"line":54,"column":11},"end":{"line":54,"column":12}},"loc":{"start":{"line":54,"column":26},"end":{"line":54,"column":46}}},"3":{"name":"(anonymous_4)","decl":{"start":{"line":67,"column":16},"end":{"line":67,"column":17}},"loc":{"start":{"line":67,"column":31},"end":{"line":67,"column":51}}},"4":{"name":"(anonymous_5)","decl":{"start":{"line":68,"column":11},"end":{"line":68,"column":12}},"loc":{"start":{"line":68,"column":26},"end":{"line":68,"column":50}}},"5":{"name":"(anonymous_6)","decl":{"start":{"line":81,"column":22},"end":{"line":81,"column":23}},"loc":{"start":{"line":81,"column":37},"end":{"line":81,"column":57}}},"6":{"name":"(anonymous_7)","decl":{"start":{"line":82,"column":11},"end":{"line":82,"column":12}},"loc":{"start":{"line":82,"column":26},"end":{"line":82,"column":46}}},"7":{"name":"(anonymous_8)","decl":{"start":{"line":89,"column":16},"end":{"line":89,"column":17}},"loc":{"start":{"line":89,"column":31},"end":{"line":89,"column":51}}},"8":{"name":"(anonymous_9)","decl":{"start":{"line":97,"column":13},"end":{"line":97,"column":16}},"loc":{"start":{"line":97,"column":18},"end":{"line":156,"column":1}}}},"branchMap":{},"s":{"0":1,"1":1,"2":1,"3":1,"4":1,"5":1,"6":1,"7":1,"8":1,"9":2,"10":1,"11":2,"12":1,"13":2,"14":1,"15":1,"16":4,"17":4,"18":1,"19":2,"20":2,"21":1,"22":2,"23":1,"24":2,"25":1},"f":{"0":2,"1":2,"2":2,"3":4,"4":4,"5":2,"6":2,"7":2,"8":2},"b":{}}
,"/home/amir/projects/personal-projects/my-portfolio/fornt/my-app/my-app/src/components/sections/Projects/Projects.tsx": {"path":"/home/amir/projects/personal-projects/my-portfolio/fornt/my-app/my-app/src/components/sections/Projects/Projects.tsx","statementMap":{"0":{"start":{"line":1,"column":0},"end":{"line":1,"column":33}},"1":{"start":{"line":2,"column":0},"end":{"line":2,"column":39}},"2":{"start":{"line":3,"column":0},"end":{"line":3,"column":39}},"3":{"start":{"line":5,"column":0},"end":{"line":5,"column":53}},"4":{"start":{"line":6,"column":0},"end":{"line":6,"column":86}},"5":{"start":{"line":8,"column":16},"end":{"line":10,"column":2}},"6":{"start":{"line":12,"column":18},"end":{"line":16,"column":2}},"7":{"start":{"line":18,"column":15},"end":{"line":21,"column":2}},"8":{"start":{"line":23,"column":14},"end":{"line":27,"column":2}},"9":{"start":{"line":25,"column":26},"end":{"line":25,"column":44}},"10":{"start":{"line":29,"column":17},"end":{"line":34,"column":2}},"11":{"start":{"line":30,"column":26},"end":{"line":30,"column":46}},"12":{"start":{"line":36,"column":13},"end":{"line":40,"column":2}},"13":{"start":{"line":42,"column":20},"end":{"line":51,"column":2}},"14":{"start":{"line":43,"column":31},"end":{"line":43,"column":52}},"15":{"start":{"line":53,"column":21},"end":{"line":57,"column":2}},"16":{"start":{"line":59,"column":23},"end":{"line":61,"column":2}},"17":{"start":{"line":63,"column":21},"end":{"line":66,"column":2}},"18":{"start":{"line":64,"column":26},"end":{"line":64,"column":44}},"19":{"start":{"line":68,"column":27},"end":{"line":72,"column":2}},"20":{"start":{"line":69,"column":26},"end":{"line":69,"column":46}},"21":{"start":{"line":74,"column":21},"end":{"line":79,"column":2}},"22":{"start":{"line":81,"column":13},"end":{"line":87,"column":2}},"23":{"start":{"line":82,"column":31},"end":{"line":82,"column":51}},"24":{"start":{"line":83,"column":26},"end":{"line":83,"column":46}},"25":{"start":{"line":89,"column":14},"end":{"line":92,"column":2}},"26":{"start":{"line":94,"column":13},"end":{"line":102,"column":2}},"27":{"start":{"line":95,"column":26},"end":{"line":95,"column":46}},"28":{"start":{"line":105,"column":34},"end":{"line":118,"column":2}},"29":{"start":{"line":120,"column":38},"end":{"line":120,"column":91}},"30":{"start":{"line":122,"column":17},"end":{"line":182,"column":1}},"31":{"start":{"line":123,"column":46},"end":{"line":123,"column":78}},"32":{"start":{"line":124,"column":28},"end":{"line":124,"column":47}},"33":{"start":{"line":126,"column":27},"end":{"line":127,"column":null}},"34":{"start":{"line":127,"column":15},"end":{"line":127,"column":78}},"35":{"start":{"line":130,"column":2},"end":{"line":181,"column":4}},"36":{"start":{"line":153,"column":12},"end":{"line":153,"column":null}},"37":{"start":{"line":160,"column":20},"end":{"line":160,"column":38}},"38":{"start":{"line":184,"column":0},"end":{"line":184,"column":24}}},"fnMap":{"0":{"name":"(anonymous_1)","decl":{"start":{"line":25,"column":11},"end":{"line":25,"column":12}},"loc":{"start":{"line":25,"column":26},"end":{"line":25,"column":44}}},"1":{"name":"(anonymous_2)","decl":{"start":{"line":30,"column":11},"end":{"line":30,"column":12}},"loc":{"start":{"line":30,"column":26},"end":{"line":30,"column":46}}},"2":{"name":"(anonymous_3)","decl":{"start":{"line":43,"column":16},"end":{"line":43,"column":17}},"loc":{"start":{"line":43,"column":31},"end":{"line":43,"column":52}}},"3":{"name":"(anonymous_4)","decl":{"start":{"line":64,"column":11},"end":{"line":64,"column":12}},"loc":{"start":{"line":64,"column":26},"end":{"line":64,"column":44}}},"4":{"name":"(anonymous_5)","decl":{"start":{"line":69,"column":11},"end":{"line":69,"column":12}},"loc":{"start":{"line":69,"column":26},"end":{"line":69,"column":46}}},"5":{"name":"(anonymous_6)","decl":{"start":{"line":82,"column":16},"end":{"line":82,"column":17}},"loc":{"start":{"line":82,"column":31},"end":{"line":82,"column":51}}},"6":{"name":"(anonymous_7)","decl":{"start":{"line":83,"column":11},"end":{"line":83,"column":12}},"loc":{"start":{"line":83,"column":26},"end":{"line":83,"column":46}}},"7":{"name":"(anonymous_8)","decl":{"start":{"line":95,"column":11},"end":{"line":95,"column":12}},"loc":{"start":{"line":95,"column":26},"end":{"line":95,"column":46}}},"8":{"name":"(anonymous_9)","decl":{"start":{"line":122,"column":17},"end":{"line":122,"column":20}},"loc":{"start":{"line":122,"column":22},"end":{"line":182,"column":1}}},"9":{"name":"(anonymous_10)","decl":{"start":{"line":127,"column":4},"end":{"line":127,"column":11}},"loc":{"start":{"line":127,"column":15},"end":{"line":127,"column":78}}},"10":{"name":"(anonymous_11)","decl":{"start":{"line":152,"column":32},"end":{"line":152,"column":39}},"loc":{"start":{"line":153,"column":12},"end":{"line":153,"column":null}}},"11":{"name":"(anonymous_12)","decl":{"start":{"line":159,"column":44},"end":{"line":159,"column":48}},"loc":{"start":{"line":160,"column":20},"end":{"line":160,"column":38}}}},"branchMap":{"0":{"loc":{"start":{"line":127,"column":15},"end":{"line":127,"column":78}},"type":"binary-expr","locations":[{"start":{"line":127,"column":15},"end":{"line":127,"column":39}},{"start":{"line":127,"column":43},"end":{"line":127,"column":78}}]},"1":{"loc":{"start":{"line":164,"column":19},"end":{"line":167,"column":null}},"type":"binary-expr","locations":[{"start":{"line":164,"column":19},"end":{"line":164,"column":34}},{"start":{"line":165,"column":20},"end":{"line":165,"column":null}}]},"2":{"loc":{"start":{"line":169,"column":19},"end":{"line":172,"column":null}},"type":"binary-expr","locations":[{"start":{"line":169,"column":19},"end":{"line":169,"column":36}},{"start":{"line":170,"column":20},"end":{"line":170,"column":null}}]}},"s":{"0":0,"1":0,"2":0,"3":0,"4":0,"5":0,"6":0,"7":0,"8":0,"9":0,"10":0,"11":0,"12":0,"13":0,"14":0,"15":0,"16":0,"17":0,"18":0,"19":0,"20":0,"21":0,"22":0,"23":0,"24":0,"25":0,"26":0,"27":0,"28":0,"29":0,"30":0,"31":0,"32":0,"33":0,"34":0,"35":0,"36":0,"37":0,"38":0},"f":{"0":0,"1":0,"2":0,"3":0,"4":0,"5":0,"6":0,"7":0,"8":0,"9":0,"10":0,"11":0},"b":{"0":[0,0],"1":[0,0],"2":[0,0]}}
,"/home/amir/projects/personal-projects/my-portfolio/fornt/my-app/my-app/src/components/sections/Skills/Skills.tsx": {"path":"/home/amir/projects/personal-projects/my-portfolio/fornt/my-app/my-app/src/components/sections/Skills/Skills.tsx","statementMap":{"0":{"start":{"line":1,"column":0},"end":{"line":1,"column":39}},"1":{"start":{"line":2,"column":0},"end":{"line":2,"column":39}},"2":{"start":{"line":3,"column":0},"end":{"line":3,"column":103}},"3":{"start":{"line":4,"column":0},"end":{"line":4,"column":63}},"4":{"start":{"line":6,"column":22},"end":{"line":9,"column":2}},"5":{"start":{"line":8,"column":31},"end":{"line":8,"column":57}},"6":{"start":{"line":11,"column":18},"end":{"line":15,"column":2}},"7":{"start":{"line":17,"column":15},"end":{"line":20,"column":2}},"8":{"start":{"line":22,"column":14},"end":{"line":26,"column":2}},"9":{"start":{"line":24,"column":26},"end":{"line":24,"column":44}},"10":{"start":{"line":28,"column":17},"end":{"line":33,"column":2}},"11":{"start":{"line":29,"column":26},"end":{"line":29,"column":46}},"12":{"start":{"line":35,"column":13},"end":{"line":39,"column":2}},"13":{"start":{"line":41,"column":18},"end":{"line":51,"column":2}},"14":{"start":{"line":42,"column":31},"end":{"line":42,"column":52}},"15":{"start":{"line":53,"column":20},"end":{"line":57,"column":2}},"16":{"start":{"line":55,"column":26},"end":{"line":55,"column":46}},"17":{"start":{"line":59,"column":19},"end":{"line":63,"column":2}},"18":{"start":{"line":60,"column":26},"end":{"line":60,"column":44}},"19":{"start":{"line":65,"column":25},"end":{"line":69,"column":2}},"20":{"start":{"line":66,"column":26},"end":{"line":66,"column":46}},"21":{"start":{"line":71,"column":15},"end":{"line":137,"column":1}},"22":{"start":{"line":72,"column":17},"end":{"line":93,"column":4}},"23":{"start":{"line":95,"column":2},"end":{"line":136,"column":4}},"24":{"start":{"line":122,"column":12},"end":{"line":123,"column":null}},"25":{"start":{"line":139,"column":0},"end":{"line":139,"column":22}}},"fnMap":{"0":{"name":"(anonymous_1)","decl":{"start":{"line":8,"column":16},"end":{"line":8,"column":17}},"loc":{"start":{"line":8,"column":31},"end":{"line":8,"column":57}}},"1":{"name":"(anonymous_2)","decl":{"start":{"line":24,"column":11},"end":{"line":24,"column":12}},"loc":{"start":{"line":24,"column":26},"end":{"line":24,"column":44}}},"2":{"name":"(anonymous_3)","decl":{"start":{"line":29,"column":11},"end":{"line":29,"column":12}},"loc":{"start":{"line":29,"column":26},"end":{"line":29,"column":46}}},"3":{"name":"(anonymous_4)","decl":{"start":{"line":42,"column":16},"end":{"line":42,"column":17}},"loc":{"start":{"line":42,"column":31},"end":{"line":42,"column":52}}},"4":{"name":"(anonymous_5)","decl":{"start":{"line":55,"column":11},"end":{"line":55,"column":12}},"loc":{"start":{"line":55,"column":26},"end":{"line":55,"column":46}}},"5":{"name":"(anonymous_6)","decl":{"start":{"line":60,"column":11},"end":{"line":60,"column":12}},"loc":{"start":{"line":60,"column":26},"end":{"line":60,"column":44}}},"6":{"name":"(anonymous_7)","decl":{"start":{"line":66,"column":11},"end":{"line":66,"column":12}},"loc":{"start":{"line":66,"column":26},"end":{"line":66,"column":46}}},"7":{"name":"(anonymous_8)","decl":{"start":{"line":71,"column":15},"end":{"line":71,"column":18}},"loc":{"start":{"line":71,"column":20},"end":{"line":137,"column":1}}},"8":{"name":"(anonymous_9)","decl":{"start":{"line":121,"column":22},"end":{"line":121,"column":23}},"loc":{"start":{"line":122,"column":12},"end":{"line":123,"column":null}}}},"branchMap":{},"s":{"0":0,"1":0,"2":0,"3":0,"4":0,"5":0,"6":0,"7":0,"8":0,"9":0,"10":0,"11":0,"12":0,"13":0,"14":0,"15":0,"16":0,"17":0,"18":0,"19":0,"20":0,"21":0,"22":0,"23":0,"24":0,"25":0},"f":{"0":0,"1":0,"2":0,"3":0,"4":0,"5":0,"6":0,"7":0,"8":0},"b":{}}
,"/home/amir/projects/personal-projects/my-portfolio/fornt/my-app/my-app/src/hooks/useInView.ts": {"path":"/home/amir/projects/personal-projects/my-portfolio/fornt/my-app/my-app/src/hooks/useInView.ts","statementMap":{"0":{"start":{"line":1,"column":0},"end":{"line":1,"column":34}},"1":{"start":{"line":2,"column":0},"end":{"line":2,"column":76}},"2":{"start":{"line":3,"column":0},"end":{"line":3,"column":64}},"3":{"start":{"line":11,"column":33},"end":{"line":25,"column":1}},"4":{"start":{"line":12,"column":19},"end":{"line":12,"column":33}},"5":{"start":{"line":13,"column":24},"end":{"line":16,"column":4}},"6":{"start":{"line":18,"column":2},"end":{"line":22,"column":25}},"7":{"start":{"line":19,"column":4},"end":{"line":21,"column":5}},"8":{"start":{"line":20,"column":6},"end":{"line":20,"column":32}},"9":{"start":{"line":24,"column":2},"end":{"line":24,"column":35}},"10":{"start":{"line":11,"column":13},"end":{"line":11,"column":33}},"11":{"start":{"line":28,"column":13},"end":{"line":41,"column":2}},"12":{"start":{"line":44,"column":13},"end":{"line":54,"column":2}},"13":{"start":{"line":57,"column":13},"end":{"line":70,"column":2}},"14":{"start":{"line":73,"column":13},"end":{"line":86,"column":2}},"15":{"start":{"line":89,"column":13},"end":{"line":102,"column":2}},"16":{"start":{"line":105,"column":13},"end":{"line":120,"column":2}}},"fnMap":{"0":{"name":"(anonymous_0)","decl":{"start":{"line":11,"column":33},"end":{"line":11,"column":34}},"loc":{"start":{"line":11,"column":78},"end":{"line":25,"column":1}}},"1":{"name":"(anonymous_1)","decl":{"start":{"line":18,"column":12},"end":{"line":18,"column":15}},"loc":{"start":{"line":18,"column":17},"end":{"line":22,"column":3}}}},"branchMap":{"0":{"loc":{"start":{"line":11,"column":34},"end":{"line":11,"column":49}},"type":"default-arg","locations":[{"start":{"line":11,"column":46},"end":{"line":11,"column":49}}]},"1":{"loc":{"start":{"line":19,"column":4},"end":{"line":21,"column":5}},"type":"if","locations":[{"start":{"line":19,"column":4},"end":{"line":21,"column":5}}]}},"s":{"0":1,"1":1,"2":1,"3":1,"4":0,"5":0,"6":0,"7":0,"8":0,"9":0,"10":1,"11":1,"12":1,"13":1,"14":1,"15":1,"16":1},"f":{"0":0,"1":0},"b":{"0":[0],"1":[0]}}
,"/home/amir/projects/personal-projects/my-portfolio/fornt/my-app/my-app/src/hooks/useNavigation.ts": {"path":"/home/amir/projects/personal-projects/my-portfolio/fornt/my-app/my-app/src/hooks/useNavigation.ts","statementMap":{"0":{"start":{"line":1,"column":0},"end":{"line":1,"column":44}},"1":{"start":{"line":5,"column":29},"end":{"line":38,"column":1}},"2":{"start":{"line":6,"column":44},"end":{"line":6,"column":69}},"3":{"start":{"line":8,"column":2},"end":{"line":27,"column":9}},"4":{"start":{"line":9,"column":25},"end":{"line":23,"column":5}},"5":{"start":{"line":10,"column":34},"end":{"line":10,"column":75}},"6":{"start":{"line":11,"column":22},"end":{"line":18,"column":8}},"7":{"start":{"line":12,"column":24},"end":{"line":12,"column":56}},"8":{"start":{"line":13,"column":8},"end":{"line":16,"column":9}},"9":{"start":{"line":14,"column":23},"end":{"line":14,"column":54}},"10":{"start":{"line":15,"column":10},"end":{"line":15,"column":55}},"11":{"start":{"line":17,"column":8},"end":{"line":17,"column":21}},"12":{"start":{"line":20,"column":6},"end":{"line":22,"column":7}},"13":{"start":{"line":21,"column":8},"end":{"line":21,"column":34}},"14":{"start":{"line":25,"column":4},"end":{"line":25,"column":52}},"15":{"start":{"line":26,"column":4},"end":{"line":26,"column":68}},"16":{"start":{"line":26,"column":17},"end":{"line":26,"column":67}},"17":{"start":{"line":29,"column":26},"end":{"line":32,"column":3}},"18":{"start":{"line":30,"column":4},"end":{"line":30,"column":30}},"19":{"start":{"line":31,"column":4},"end":{"line":31,"column":77}},"20":{"start":{"line":34,"column":2},"end":{"line":37,"column":4}},"21":{"start":{"line":5,"column":13},"end":{"line":5,"column":29}}},"fnMap":{"0":{"name":"(anonymous_0)","decl":{"start":{"line":5,"column":29},"end":{"line":5,"column":32}},"loc":{"start":{"line":5,"column":34},"end":{"line":38,"column":1}}},"1":{"name":"(anonymous_1)","decl":{"start":{"line":8,"column":12},"end":{"line":8,"column":15}},"loc":{"start":{"line":8,"column":17},"end":{"line":27,"column":3}}},"2":{"name":"(anonymous_2)","decl":{"start":{"line":9,"column":25},"end":{"line":9,"column":28}},"loc":{"start":{"line":9,"column":30},"end":{"line":23,"column":5}}},"3":{"name":"(anonymous_3)","decl":{"start":{"line":11,"column":36},"end":{"line":11,"column":37}},"loc":{"start":{"line":11,"column":48},"end":{"line":18,"column":7}}},"4":{"name":"(anonymous_4)","decl":{"start":{"line":26,"column":11},"end":{"line":26,"column":14}},"loc":{"start":{"line":26,"column":17},"end":{"line":26,"column":67}}},"5":{"name":"(anonymous_5)","decl":{"start":{"line":29,"column":26},"end":{"line":29,"column":27}},"loc":{"start":{"line":29,"column":47},"end":{"line":32,"column":3}}}},"branchMap":{"0":{"loc":{"start":{"line":13,"column":8},"end":{"line":16,"column":9}},"type":"if","locations":[{"start":{"line":13,"column":8},"end":{"line":16,"column":9}}]},"1":{"loc":{"start":{"line":15,"column":17},"end":{"line":15,"column":54}},"type":"binary-expr","locations":[{"start":{"line":15,"column":17},"end":{"line":15,"column":32}},{"start":{"line":15,"column":36},"end":{"line":15,"column":54}}]},"2":{"loc":{"start":{"line":20,"column":6},"end":{"line":22,"column":7}},"type":"if","locations":[{"start":{"line":20,"column":6},"end":{"line":22,"column":7}}]}},"s":{"0":1,"1":1,"2":6,"3":6,"4":4,"5":0,"6":0,"7":0,"8":0,"9":0,"10":0,"11":0,"12":0,"13":0,"14":4,"15":4,"16":4,"17":6,"18":1,"19":1,"20":6,"21":1},"f":{"0":6,"1":4,"2":0,"3":0,"4":4,"5":1},"b":{"0":[0],"1":[0,0],"2":[0]}}
,"/home/amir/projects/personal-projects/my-portfolio/fornt/my-app/my-app/src/styles/GlobalStyles.tsx": {"path":"/home/amir/projects/personal-projects/my-portfolio/fornt/my-app/my-app/src/styles/GlobalStyles.tsx","statementMap":{"0":{"start":{"line":1,"column":0},"end":{"line":1,"column":54}},"1":{"start":{"line":3,"column":13},"end":{"line":73,"column":2}},"2":{"start":{"line":5,"column":35},"end":{"line":5,"column":45}},"3":{"start":{"line":15,"column":33},"end":{"line":15,"column":57}},"4":{"start":{"line":16,"column":28},"end":{"line":16,"column":46}},"5":{"start":{"line":24,"column":28},"end":{"line":24,"column":48}},"6":{"start":{"line":29,"column":30},"end":{"line":29,"column":52}},"7":{"start":{"line":56,"column":33},"end":{"line":56,"column":59}},"8":{"start":{"line":60,"column":33},"end":{"line":60,"column":53}},"9":{"start":{"line":64,"column":35},"end":{"line":64,"column":55}},"10":{"start":{"line":70,"column":33},"end":{"line":70,"column":53}},"11":{"start":{"line":71,"column":28},"end":{"line":71,"column":46}}},"fnMap":{"0":{"name":"(anonymous_0)","decl":{"start":{"line":5,"column":20},"end":{"line":5,"column":21}},"loc":{"start":{"line":5,"column":35},"end":{"line":5,"column":45}}},"1":{"name":"(anonymous_1)","decl":{"start":{"line":15,"column":18},"end":{"line":15,"column":19}},"loc":{"start":{"line":15,"column":33},"end":{"line":15,"column":57}}},"2":{"name":"(anonymous_2)","decl":{"start":{"line":16,"column":13},"end":{"line":16,"column":14}},"loc":{"start":{"line":16,"column":28},"end":{"line":16,"column":46}}},"3":{"name":"(anonymous_3)","decl":{"start":{"line":24,"column":13},"end":{"line":24,"column":14}},"loc":{"start":{"line":24,"column":28},"end":{"line":24,"column":48}}},"4":{"name":"(anonymous_4)","decl":{"start":{"line":29,"column":15},"end":{"line":29,"column":16}},"loc":{"start":{"line":29,"column":30},"end":{"line":29,"column":52}}},"5":{"name":"(anonymous_5)","decl":{"start":{"line":56,"column":18},"end":{"line":56,"column":19}},"loc":{"start":{"line":56,"column":33},"end":{"line":56,"column":59}}},"6":{"name":"(anonymous_6)","decl":{"start":{"line":60,"column":18},"end":{"line":60,"column":19}},"loc":{"start":{"line":60,"column":33},"end":{"line":60,"column":53}}},"7":{"name":"(anonymous_7)","decl":{"start":{"line":64,"column":20},"end":{"line":64,"column":21}},"loc":{"start":{"line":64,"column":35},"end":{"line":64,"column":55}}},"8":{"name":"(anonymous_8)","decl":{"start":{"line":70,"column":18},"end":{"line":70,"column":19}},"loc":{"start":{"line":70,"column":33},"end":{"line":70,"column":53}}},"9":{"name":"(anonymous_9)","decl":{"start":{"line":71,"column":13},"end":{"line":71,"column":14}},"loc":{"start":{"line":71,"column":28},"end":{"line":71,"column":46}}}},"branchMap":{},"s":{"0":0,"1":0,"2":0,"3":0,"4":0,"5":0,"6":0,"7":0,"8":0,"9":0,"10":0,"11":0},"f":{"0":0,"1":0,"2":0,"3":0,"4":0,"5":0,"6":0,"7":0,"8":0,"9":0},"b":{}}
,"/home/amir/projects/personal-projects/my-portfolio/fornt/my-app/my-app/src/styles/SharedStyles.ts": {"path":"/home/amir/projects/personal-projects/my-portfolio/fornt/my-app/my-app/src/styles/SharedStyles.ts","statementMap":{"0":{"start":{"line":1,"column":0},"end":{"line":1,"column":39}},"1":{"start":{"line":2,"column":0},"end":{"line":2,"column":39}},"2":{"start":{"line":5,"column":13},"end":{"line":18,"column":2}},"3":{"start":{"line":20,"column":13},"end":{"line":30,"column":2}},"4":{"start":{"line":23,"column":26},"end":{"line":23,"column":44}},"5":{"start":{"line":32,"column":13},"end":{"line":43,"column":2}},"6":{"start":{"line":34,"column":26},"end":{"line":34,"column":46}},"7":{"start":{"line":45,"column":13},"end":{"line":58,"column":2}},"8":{"start":{"line":47,"column":55},"end":{"line":47,"column":62}},"9":{"start":{"line":60,"column":13},"end":{"line":76,"column":2}},"10":{"start":{"line":67,"column":28},"end":{"line":67,"column":46}},"11":{"start":{"line":72,"column":30},"end":{"line":72,"column":50}},"12":{"start":{"line":78,"column":13},"end":{"line":89,"column":2}},"13":{"start":{"line":79,"column":31},"end":{"line":79,"column":51}},"14":{"start":{"line":80,"column":26},"end":{"line":80,"column":46}}},"fnMap":{"0":{"name":"(anonymous_1)","decl":{"start":{"line":23,"column":11},"end":{"line":23,"column":12}},"loc":{"start":{"line":23,"column":26},"end":{"line":23,"column":44}}},"1":{"name":"(anonymous_2)","decl":{"start":{"line":34,"column":11},"end":{"line":34,"column":12}},"loc":{"start":{"line":34,"column":26},"end":{"line":34,"column":46}}},"2":{"name":"(anonymous_3)","decl":{"start":{"line":47,"column":34},"end":{"line":47,"column":35}},"loc":{"start":{"line":47,"column":55},"end":{"line":47,"column":62}}},"3":{"name":"(anonymous_4)","decl":{"start":{"line":67,"column":13},"end":{"line":67,"column":14}},"loc":{"start":{"line":67,"column":28},"end":{"line":67,"column":46}}},"4":{"name":"(anonymous_5)","decl":{"start":{"line":72,"column":15},"end":{"line":72,"column":16}},"loc":{"start":{"line":72,"column":30},"end":{"line":72,"column":50}}},"5":{"name":"(anonymous_6)","decl":{"start":{"line":79,"column":16},"end":{"line":79,"column":17}},"loc":{"start":{"line":79,"column":31},"end":{"line":79,"column":51}}},"6":{"name":"(anonymous_7)","decl":{"start":{"line":80,"column":11},"end":{"line":80,"column":12}},"loc":{"start":{"line":80,"column":26},"end":{"line":80,"column":46}}}},"branchMap":{"0":{"loc":{"start":{"line":47,"column":37},"end":{"line":47,"column":48}},"type":"default-arg","locations":[{"start":{"line":47,"column":47},"end":{"line":47,"column":48}}]}},"s":{"0":0,"1":0,"2":0,"3":0,"4":0,"5":0,"6":0,"7":0,"8":0,"9":0,"10":0,"11":0,"12":0,"13":0,"14":0},"f":{"0":0,"1":0,"2":0,"3":0,"4":0,"5":0,"6":0},"b":{"0":[0]}}
,"/home/amir/projects/personal-projects/my-portfolio/fornt/my-app/my-app/src/styles/ThemeProvider.tsx": {"path":"/home/amir/projects/personal-projects/my-portfolio/fornt/my-app/my-app/src/styles/ThemeProvider.tsx","statementMap":{"0":{"start":{"line":1,"column":0},"end":{"line":1,"column":82}},"1":{"start":{"line":2,"column":0},"end":{"line":2,"column":73}},"2":{"start":{"line":5,"column":13},"end":{"line":26,"column":2}},"3":{"start":{"line":28,"column":13},"end":{"line":49,"column":2}},"4":{"start":{"line":56,"column":13},"end":{"line":59,"column":3}},"5":{"start":{"line":58,"column":21},"end":{"line":58,"column":25}},"6":{"start":{"line":61,"column":24},"end":{"line":67,"column":1}},"7":{"start":{"line":62,"column":18},"end":{"line":62,"column":42}},"8":{"start":{"line":63,"column":2},"end":{"line":65,"column":3}},"9":{"start":{"line":64,"column":4},"end":{"line":64,"column":68}},"10":{"start":{"line":66,"column":2},"end":{"line":66,"column":17}},"11":{"start":{"line":61,"column":13},"end":{"line":61,"column":24}},"12":{"start":{"line":73,"column":28},"end":{"line":124,"column":1}},"13":{"start":{"line":75,"column":26},"end":{"line":84,"column":3}},"14":{"start":{"line":76,"column":23},"end":{"line":76,"column":52}},"15":{"start":{"line":77,"column":4},"end":{"line":79,"column":5}},"16":{"start":{"line":78,"column":6},"end":{"line":78,"column":60}},"17":{"start":{"line":82,"column":24},"end":{"line":82,"column":81}},"18":{"start":{"line":83,"column":4},"end":{"line":83,"column":48}},"19":{"start":{"line":86,"column":28},"end":{"line":86,"column":60}},"20":{"start":{"line":89,"column":2},"end":{"line":98,"column":14}},"21":{"start":{"line":90,"column":4},"end":{"line":90,"column":46}},"22":{"start":{"line":91,"column":4},"end":{"line":91,"column":68}},"23":{"start":{"line":94,"column":27},"end":{"line":94,"column":77}},"24":{"start":{"line":95,"column":4},"end":{"line":97,"column":5}},"25":{"start":{"line":96,"column":6},"end":{"line":96,"column":71}},"26":{"start":{"line":101,"column":2},"end":{"line":111,"column":9}},"27":{"start":{"line":102,"column":23},"end":{"line":102,"column":72}},"28":{"start":{"line":103,"column":25},"end":{"line":107,"column":5}},"29":{"start":{"line":104,"column":6},"end":{"line":106,"column":7}},"30":{"start":{"line":105,"column":8},"end":{"line":105,"column":53}},"31":{"start":{"line":109,"column":4},"end":{"line":109,"column":56}},"32":{"start":{"line":110,"column":4},"end":{"line":110,"column":72}},"33":{"start":{"line":110,"column":17},"end":{"line":110,"column":71}},"34":{"start":{"line":113,"column":22},"end":{"line":115,"column":3}},"35":{"start":{"line":114,"column":4},"end":{"line":114,"column":68}},"36":{"start":{"line":114,"column":21},"end":{"line":114,"column":66}},"37":{"start":{"line":117,"column":2},"end":{"line":123,"column":4}},"38":{"start":{"line":73,"column":13},"end":{"line":73,"column":28}}},"fnMap":{"0":{"name":"(anonymous_0)","decl":{"start":{"line":58,"column":15},"end":{"line":58,"column":18}},"loc":{"start":{"line":58,"column":21},"end":{"line":58,"column":25}}},"1":{"name":"(anonymous_1)","decl":{"start":{"line":61,"column":24},"end":{"line":61,"column":27}},"loc":{"start":{"line":61,"column":29},"end":{"line":67,"column":1}}},"2":{"name":"(anonymous_2)","decl":{"start":{"line":73,"column":28},"end":{"line":73,"column":29}},"loc":{"start":{"line":73,"column":64},"end":{"line":124,"column":1}}},"3":{"name":"(anonymous_3)","decl":{"start":{"line":75,"column":26},"end":{"line":75,"column":36}},"loc":{"start":{"line":75,"column":38},"end":{"line":84,"column":3}}},"4":{"name":"(anonymous_4)","decl":{"start":{"line":89,"column":12},"end":{"line":89,"column":15}},"loc":{"start":{"line":89,"column":17},"end":{"line":98,"column":3}}},"5":{"name":"(anonymous_5)","decl":{"start":{"line":101,"column":12},"end":{"line":101,"column":15}},"loc":{"start":{"line":101,"column":17},"end":{"line":111,"column":3}}},"6":{"name":"(anonymous_6)","decl":{"start":{"line":103,"column":25},"end":{"line":103,"column":26}},"loc":{"start":{"line":103,"column":52},"end":{"line":107,"column":5}}},"7":{"name":"(anonymous_7)","decl":{"start":{"line":110,"column":11},"end":{"line":110,"column":14}},"loc":{"start":{"line":110,"column":17},"end":{"line":110,"column":71}}},"8":{"name":"(anonymous_8)","decl":{"start":{"line":113,"column":22},"end":{"line":113,"column":25}},"loc":{"start":{"line":113,"column":27},"end":{"line":115,"column":3}}},"9":{"name":"(anonymous_9)","decl":{"start":{"line":114,"column":13},"end":{"line":114,"column":17}},"loc":{"start":{"line":114,"column":21},"end":{"line":114,"column":66}}}},"branchMap":{"0":{"loc":{"start":{"line":63,"column":2},"end":{"line":65,"column":3}},"type":"if","locations":[{"start":{"line":63,"column":2},"end":{"line":65,"column":3}}]},"1":{"loc":{"start":{"line":77,"column":4},"end":{"line":79,"column":5}},"type":"if","locations":[{"start":{"line":77,"column":4},"end":{"line":79,"column":5}}]},"2":{"loc":{"start":{"line":78,"column":13},"end":{"line":78,"column":59}},"type":"cond-expr","locations":[{"start":{"line":78,"column":37},"end":{"line":78,"column":46}},{"start":{"line":78,"column":49},"end":{"line":78,"column":59}}]},"3":{"loc":{"start":{"line":83,"column":11},"end":{"line":83,"column":47}},"type":"cond-expr","locations":[{"start":{"line":83,"column":25},"end":{"line":83,"column":34}},{"start":{"line":83,"column":37},"end":{"line":83,"column":47}}]},"4":{"loc":{"start":{"line":95,"column":4},"end":{"line":97,"column":5}},"type":"if","locations":[{"start":{"line":95,"column":4},"end":{"line":97,"column":5}}]},"5":{"loc":{"start":{"line":104,"column":6},"end":{"line":106,"column":7}},"type":"if","locations":[{"start":{"line":104,"column":6},"end":{"line":106,"column":7}}]},"6":{"loc":{"start":{"line":105,"column":17},"end":{"line":105,"column":51}},"type":"cond-expr","locations":[{"start":{"line":105,"column":29},"end":{"line":105,"column":38}},{"start":{"line":105,"column":41},"end":{"line":105,"column":51}}]},"7":{"loc":{"start":{"line":114,"column":21},"end":{"line":114,"column":66}},"type":"cond-expr","locations":[{"start":{"line":114,"column":44},"end":{"line":114,"column":54}},{"start":{"line":114,"column":57},"end":{"line":114,"column":66}}]}},"s":{"0":2,"1":2,"2":2,"3":2,"4":2,"5":0,"6":2,"7":6,"8":6,"9":0,"10":6,"11":2,"12":2,"13":0,"14":0,"15":0,"16":0,"17":0,"18":0,"19":0,"20":0,"21":0,"22":0,"23":0,"24":0,"25":0,"26":0,"27":0,"28":0,"29":0,"30":0,"31":0,"32":0,"33":0,"34":0,"35":0,"36":0,"37":0,"38":2},"f":{"0":0,"1":6,"2":0,"3":0,"4":0,"5":0,"6":0,"7":0,"8":0,"9":0},"b":{"0":[0],"1":[0],"2":[0,0],"3":[0,0],"4":[0],"5":[0],"6":[0,0],"7":[0,0]}}
,"/home/amir/projects/personal-projects/my-portfolio/fornt/my-app/my-app/src/styles/animations.ts": {"path":"/home/amir/projects/personal-projects/my-portfolio/fornt/my-app/my-app/src/styles/animations.ts","statementMap":{"0":{"start":{"line":1,"column":13},"end":{"line":8,"column":2}},"1":{"start":{"line":10,"column":13},"end":{"line":19,"column":2}},"2":{"start":{"line":21,"column":13},"end":{"line":28,"column":2}},"3":{"start":{"line":30,"column":23},"end":{"line":47,"column":1}},"4":{"start":{"line":31,"column":21},"end":{"line":36,"column":4}},"5":{"start":{"line":38,"column":2},"end":{"line":46,"column":4}},"6":{"start":{"line":30,"column":13},"end":{"line":30,"column":23}}},"fnMap":{"0":{"name":"(anonymous_0)","decl":{"start":{"line":30,"column":23},"end":{"line":30,"column":24}},"loc":{"start":{"line":30,"column":71},"end":{"line":47,"column":1}}}},"branchMap":{},"s":{"0":0,"1":0,"2":0,"3":0,"4":0,"5":0,"6":0},"f":{"0":0},"b":{}}
,"/home/amir/projects/personal-projects/my-portfolio/fornt/my-app/my-app/src/styles/theme.ts": {"path":"/home/amir/projects/personal-projects/my-portfolio/fornt/my-app/my-app/src/styles/theme.ts","statementMap":{"0":{"start":{"line":3,"column":13},"end":{"line":24,"column":2}},"1":{"start":{"line":26,"column":13},"end":{"line":47,"column":2}}},"fnMap":{},"branchMap":{},"s":{"0":0,"1":0},"f":{},"b":{}}
,"/home/amir/projects/personal-projects/my-portfolio/fornt/my-app/my-app/src/styles/themes/index.ts": {"path":"/home/amir/projects/personal-projects/my-portfolio/fornt/my-app/my-app/src/styles/themes/index.ts","statementMap":{"0":{"start":{"line":3,"column":13},"end":{"line":24,"column":2}},"1":{"start":{"line":26,"column":13},"end":{"line":47,"column":2}}},"fnMap":{},"branchMap":{},"s":{"0":0,"1":0},"f":{},"b":{}}
}
