TN:
SF:src/App.tsx
FN:15,(anonymous_10)
FN:15,(anonymous_11)
FN:16,(anonymous_12)
FN:16,(anonymous_13)
FN:17,(anonymous_14)
FN:17,(anonymous_15)
FN:18,(anonymous_16)
FN:18,(anonymous_17)
FN:19,(anonymous_18)
FN:19,(anonymous_19)
FN:27,(anonymous_20)
FN:32,(anonymous_21)
FN:33,(anonymous_22)
FN:35,(anonymous_23)
FN:50,(anonymous_24)
FN:53,(anonymous_25)
FN:59,(anonymous_26)
FN:61,(anonymous_27)
FN:64,(anonymous_28)
FN:87,(anonymous_29)
FN:90,(anonymous_30)
FN:120,(anonymous_31)
FN:139,(anonymous_32)
FN:149,(anonymous_33)
FN:178,(anonymous_34)
FN:184,(anonymous_35)
FN:198,(anonymous_36)
FN:200,(anonymous_37)
FN:209,(anonymous_38)
FN:211,(anonymous_39)
FN:224,(anonymous_40)
FNF:31
FNH:0
FNDA:0,(anonymous_10)
FNDA:0,(anonymous_11)
FNDA:0,(anonymous_12)
FNDA:0,(anonymous_13)
FNDA:0,(anonymous_14)
FNDA:0,(anonymous_15)
FNDA:0,(anonymous_16)
FNDA:0,(anonymous_17)
FNDA:0,(anonymous_18)
FNDA:0,(anonymous_19)
FNDA:0,(anonymous_20)
FNDA:0,(anonymous_21)
FNDA:0,(anonymous_22)
FNDA:0,(anonymous_23)
FNDA:0,(anonymous_24)
FNDA:0,(anonymous_25)
FNDA:0,(anonymous_26)
FNDA:0,(anonymous_27)
FNDA:0,(anonymous_28)
FNDA:0,(anonymous_29)
FNDA:0,(anonymous_30)
FNDA:0,(anonymous_31)
FNDA:0,(anonymous_32)
FNDA:0,(anonymous_33)
FNDA:0,(anonymous_34)
FNDA:0,(anonymous_35)
FNDA:0,(anonymous_36)
FNDA:0,(anonymous_37)
FNDA:0,(anonymous_38)
FNDA:0,(anonymous_39)
FNDA:0,(anonymous_40)
DA:1,0
DA:2,0
DA:3,0
DA:4,0
DA:5,0
DA:6,0
DA:7,0
DA:8,0
DA:9,0
DA:10,0
DA:11,0
DA:12,0
DA:15,0
DA:16,0
DA:17,0
DA:18,0
DA:19,0
DA:22,0
DA:27,0
DA:28,0
DA:29,0
DA:30,0
DA:32,0
DA:33,0
DA:34,0
DA:35,0
DA:36,0
DA:37,0
DA:38,0
DA:39,0
DA:41,0
DA:44,0
DA:45,0
DA:49,0
DA:50,0
DA:53,0
DA:54,0
DA:55,0
DA:59,0
DA:60,0
DA:61,0
DA:62,0
DA:64,0
DA:67,0
DA:88,0
DA:90,0
DA:120,0
DA:121,0
DA:132,0
DA:139,0
DA:142,0
DA:149,0
DA:154,0
DA:164,0
DA:174,0
DA:178,0
DA:181,0
DA:184,0
DA:189,0
DA:194,0
DA:199,0
DA:200,0
DA:209,0
DA:211,0
DA:220,0
DA:224,0
DA:227,0
DA:231,0
LF:68
LH:0
BRDA:37,0,0,0
BRDA:39,1,0,0
BRDA:39,1,1,0
BRDA:44,2,0,0
BRDA:101,3,0,0
BRDA:101,3,1,0
BRDA:199,4,0,0
BRDA:199,4,1,0
BRDA:200,5,0,0
BRDA:200,5,1,0
BRDA:209,6,0,0
BRDA:209,6,1,0
BRF:12
BRH:0
end_of_record
TN:
SF:src/components/common/AnimatedSection.tsx
FN:18,(anonymous_1)
FNF:1
FNH:0
FNDA:0,(anonymous_1)
DA:2,0
DA:3,0
DA:4,0
DA:14,0
DA:18,0
DA:26,0
DA:28,0
LF:7
LH:0
BRDA:22,0,0,0
BRDA:23,1,0,0
BRF:2
BRH:0
end_of_record
TN:
SF:src/components/common/Button.tsx
FN:11,(anonymous_1)
FN:22,(anonymous_2)
FN:33,(anonymous_3)
FN:40,(anonymous_4)
FNF:4
FNH:0
FNDA:0,(anonymous_1)
FNDA:0,(anonymous_2)
FNDA:0,(anonymous_3)
FNDA:0,(anonymous_4)
DA:1,0
DA:2,0
DA:10,0
DA:12,0
DA:14,0
DA:16,0
DA:18,0
DA:23,0
DA:25,0
DA:27,0
DA:29,0
DA:33,0
DA:41,0
DA:43,0
DA:48,0
DA:54,0
DA:72,0
LF:17
LH:0
BRDA:11,0,0,0
BRDA:12,1,0,0
BRDA:12,1,1,0
BRDA:12,1,2,0
BRDA:22,2,0,0
BRDA:23,3,0,0
BRDA:23,3,1,0
BRDA:23,3,2,0
BRDA:33,4,0,0
BRDA:33,4,1,0
BRDA:40,5,0,0
BRDA:41,6,0,0
BRDA:41,6,1,0
BRDA:41,6,2,0
BRF:14
BRH:0
end_of_record
TN:
SF:src/components/common/Card.tsx
FN:10,(anonymous_1)
FN:14,(anonymous_2)
FN:25,(anonymous_3)
FNF:3
FNH:0
FNDA:0,(anonymous_1)
FNDA:0,(anonymous_2)
FNDA:0,(anonymous_3)
DA:1,0
DA:2,0
DA:9,0
DA:10,0
DA:15,0
DA:17,0
DA:19,0
DA:21,0
DA:26,0
DA:28,0
DA:30,0
DA:32,0
DA:43,0
LF:13
LH:0
BRDA:14,0,0,0
BRDA:15,1,0,0
BRDA:15,1,1,0
BRDA:15,1,2,0
BRDA:25,2,0,0
BRDA:26,3,0,0
BRDA:26,3,1,0
BRDA:26,3,2,0
BRF:8
BRH:0
end_of_record
TN:
SF:src/components/common/ErrorBoundary.tsx
FN:24,(anonymous_1)
FN:29,(anonymous_2)
FN:34,(anonymous_3)
FN:35,(anonymous_4)
FN:48,(anonymous_5)
FN:61,(anonymous_6)
FN:53,(anonymous_7)
FN:57,(anonymous_8)
FN:65,(anonymous_9)
FNF:9
FNH:0
FNDA:0,(anonymous_1)
FNDA:0,(anonymous_2)
FNDA:0,(anonymous_3)
FNDA:0,(anonymous_4)
FNDA:0,(anonymous_5)
FNDA:0,(anonymous_6)
FNDA:0,(anonymous_7)
FNDA:0,(anonymous_8)
FNDA:0,(anonymous_9)
DA:1,0
DA:2,0
DA:13,0
DA:23,0
DA:24,0
DA:28,0
DA:29,0
DA:33,0
DA:34,0
DA:35,0
DA:48,0
DA:49,0
DA:54,0
DA:58,0
DA:61,0
DA:62,0
DA:66,0
DA:67,0
DA:78,0
LF:19
LH:0
BRDA:66,0,0,0
BRDA:71,1,0,0
BRDA:71,1,1,0
BRF:3
BRH:0
end_of_record
TN:
SF:src/components/common/FilterTabs.tsx
FN:22,(anonymous_1)
FN:27,(anonymous_2)
FN:35,(anonymous_3)
FN:37,(anonymous_4)
FN:47,(anonymous_5)
FN:52,FilterTabs
FN:59,(anonymous_7)
FN:63,(anonymous_8)
FNF:8
FNH:0
FNDA:0,(anonymous_1)
FNDA:0,(anonymous_2)
FNDA:0,(anonymous_3)
FNDA:0,(anonymous_4)
FNDA:0,(anonymous_5)
FNDA:0,FilterTabs
FNDA:0,(anonymous_7)
FNDA:0,(anonymous_8)
DA:1,0
DA:2,0
DA:10,0
DA:22,0
DA:27,0
DA:32,0
DA:36,0
DA:38,0
DA:48,0
DA:52,0
DA:57,0
DA:60,0
DA:63,0
LF:13
LH:0
BRDA:36,0,0,0
BRDA:36,0,1,0
BRDA:38,1,0,0
BRDA:38,1,1,0
BRDA:48,2,0,0
BRDA:48,2,1,0
BRF:6
BRH:0
end_of_record
TN:
SF:src/components/common/LoadingSpinner.tsx
FN:22,(anonymous_9)
FN:23,(anonymous_10)
FN:28,(anonymous_11)
FNF:3
FNH:0
FNDA:0,(anonymous_9)
FNDA:0,(anonymous_10)
FNDA:0,(anonymous_11)
DA:1,0
DA:3,0
DA:12,0
DA:19,0
DA:22,0
DA:23,0
DA:28,0
DA:29,0
LF:8
LH:0
BRF:0
BRH:0
end_of_record
TN:
SF:src/components/common/SEO.tsx
FN:10,(anonymous_0)
FNF:1
FNH:0
FNDA:0,(anonymous_0)
DA:1,0
DA:10,0
DA:16,0
DA:18,0
LF:4
LH:0
BRDA:11,0,0,0
BRDA:12,1,0,0
BRDA:13,2,0,0
BRDA:14,3,0,0
BRF:4
BRH:0
end_of_record
TN:
SF:src/components/layout/Header.tsx
FN:8,(anonymous_1)
FN:29,(anonymous_2)
FN:32,(anonymous_3)
FN:80,(anonymous_4)
FN:102,(anonymous_5)
FN:110,(anonymous_6)
FN:118,(anonymous_7)
FNF:7
FNH:7
FNDA:6,(anonymous_1)
FNDA:24,(anonymous_2)
FNDA:1,(anonymous_3)
FNDA:6,(anonymous_4)
FNDA:24,(anonymous_5)
FNDA:24,(anonymous_6)
FNDA:6,(anonymous_7)
DA:1,1
DA:2,1
DA:3,1
DA:4,1
DA:5,1
DA:6,1
DA:8,1
DA:9,6
DA:10,6
DA:11,6
DA:13,6
DA:20,6
DA:30,24
DA:32,1
DA:56,1
DA:66,1
DA:76,1
DA:80,6
DA:83,1
DA:88,1
DA:98,1
DA:103,24
DA:110,24
DA:114,1
DA:118,6
DA:125,1
LF:26
LH:26
BRDA:46,0,0,5
BRDA:46,0,1,1
BRDA:48,1,0,5
BRDA:48,1,1,1
BRDA:103,2,0,6
BRDA:103,2,1,18
BRF:6
BRH:6
end_of_record
TN:
SF:src/components/layout/MainLayout.tsx
FN:10,(anonymous_1)
FN:41,(anonymous_2)
FN:52,(anonymous_3)
FNF:3
FNH:0
FNDA:0,(anonymous_1)
FNDA:0,(anonymous_2)
FNDA:0,(anonymous_3)
DA:2,0
DA:3,0
DA:4,0
DA:10,0
DA:11,0
DA:29,0
DA:34,0
DA:41,0
DA:45,0
DA:52,0
DA:57,0
DA:63,0
LF:12
LH:0
BRF:0
BRH:0
end_of_record
TN:
SF:src/components/sections/Contact.tsx
FN:42,(anonymous_1)
FN:56,(anonymous_2)
FN:93,(anonymous_3)
FN:99,(anonymous_4)
FN:113,(anonymous_5)
FN:127,(anonymous_6)
FN:135,(anonymous_7)
FN:140,(anonymous_8)
FN:145,(anonymous_9)
FN:152,(anonymous_10)
FNF:10
FNH:0
FNDA:0,(anonymous_1)
FNDA:0,(anonymous_2)
FNDA:0,(anonymous_3)
FNDA:0,(anonymous_4)
FNDA:0,(anonymous_5)
FNDA:0,(anonymous_6)
FNDA:0,(anonymous_7)
FNDA:0,(anonymous_8)
FNDA:0,(anonymous_9)
FNDA:0,(anonymous_10)
DA:1,0
DA:2,0
DA:3,0
DA:4,0
DA:7,0
DA:12,0
DA:18,0
DA:42,0
DA:43,0
DA:57,0
DA:75,0
DA:85,0
DA:90,0
DA:93,0
DA:98,0
DA:99,0
DA:105,0
DA:112,0
DA:113,0
DA:126,0
DA:127,0
DA:135,0
DA:138,0
DA:140,0
DA:144,0
DA:145,0
DA:150,0
DA:152,0
DA:159,0
LF:29
LH:0
BRF:0
BRH:0
end_of_record
TN:
SF:src/components/sections/Hero.tsx
FN:26,(anonymous_1)
FN:98,(anonymous_2)
FN:108,(anonymous_3)
FN:116,(anonymous_4)
FN:122,(anonymous_5)
FN:141,(anonymous_6)
FN:145,(anonymous_7)
FN:151,(anonymous_8)
FN:152,(anonymous_9)
FNF:9
FNH:0
FNDA:0,(anonymous_1)
FNDA:0,(anonymous_2)
FNDA:0,(anonymous_3)
FNDA:0,(anonymous_4)
FNDA:0,(anonymous_5)
FNDA:0,(anonymous_6)
FNDA:0,(anonymous_7)
FNDA:0,(anonymous_8)
FNDA:0,(anonymous_9)
DA:1,0
DA:2,0
DA:3,0
DA:4,0
DA:6,0
DA:17,0
DA:26,0
DA:27,0
DA:73,0
DA:83,0
DA:93,0
DA:97,0
DA:98,0
DA:104,0
DA:108,0
DA:114,0
DA:116,0
DA:120,0
DA:122,0
DA:128,0
DA:135,0
DA:140,0
DA:141,0
DA:145,0
DA:150,0
DA:151,0
DA:152,0
DA:165,0
LF:28
LH:0
BRF:0
BRH:0
end_of_record
TN:
SF:src/components/sections/Projects.tsx
FN:67,(anonymous_1)
FN:81,(anonymous_2)
FN:90,(anonymous_3)
FN:127,(anonymous_4)
FN:133,(anonymous_5)
FN:147,(anonymous_6)
FN:181,(anonymous_7)
FN:185,(anonymous_8)
FN:196,(anonymous_9)
FN:197,(anonymous_10)
FN:201,(anonymous_11)
FN:210,(anonymous_12)
FN:213,(anonymous_13)
FN:223,(anonymous_14)
FNF:14
FNH:0
FNDA:0,(anonymous_1)
FNDA:0,(anonymous_2)
FNDA:0,(anonymous_3)
FNDA:0,(anonymous_4)
FNDA:0,(anonymous_5)
FNDA:0,(anonymous_6)
FNDA:0,(anonymous_7)
FNDA:0,(anonymous_8)
FNDA:0,(anonymous_9)
FNDA:0,(anonymous_10)
FNDA:0,(anonymous_11)
FNDA:0,(anonymous_12)
FNDA:0,(anonymous_13)
FNDA:0,(anonymous_14)
DA:1,0
DA:2,0
DA:3,0
DA:4,0
DA:7,0
DA:15,0
DA:21,0
DA:67,0
DA:68,0
DA:82,0
DA:91,0
DA:119,0
DA:124,0
DA:127,0
DA:132,0
DA:133,0
DA:139,0
DA:146,0
DA:147,0
DA:160,0
DA:166,0
DA:172,0
DA:179,0
DA:181,0
DA:184,0
DA:185,0
DA:189,0
DA:195,0
DA:196,0
DA:197,0
DA:201,0
DA:204,0
DA:209,0
DA:210,0
DA:213,0
DA:217,0
DA:223,0
DA:232,0
LF:38
LH:0
BRF:0
BRH:0
end_of_record
TN:
SF:src/components/sections/Skills.tsx
FN:29,(anonymous_1)
FN:105,(anonymous_2)
FN:119,(anonymous_3)
FN:126,(anonymous_4)
FN:158,(anonymous_5)
FN:164,(anonymous_6)
FN:178,(anonymous_7)
FN:198,(anonymous_8)
FN:217,(anonymous_9)
FN:222,(anonymous_10)
FN:227,(anonymous_11)
FN:250,(anonymous_12)
FN:255,(anonymous_13)
FN:260,(anonymous_14)
FN:268,(anonymous_15)
FNF:15
FNH:0
FNDA:0,(anonymous_1)
FNDA:0,(anonymous_2)
FNDA:0,(anonymous_3)
FNDA:0,(anonymous_4)
FNDA:0,(anonymous_5)
FNDA:0,(anonymous_6)
FNDA:0,(anonymous_7)
FNDA:0,(anonymous_8)
FNDA:0,(anonymous_9)
FNDA:0,(anonymous_10)
FNDA:0,(anonymous_11)
FNDA:0,(anonymous_12)
FNDA:0,(anonymous_13)
FNDA:0,(anonymous_14)
FNDA:0,(anonymous_15)
DA:1,0
DA:2,0
DA:3,0
DA:11,0
DA:14,0
DA:22,0
DA:27,0
DA:29,0
DA:36,0
DA:105,0
DA:106,0
DA:120,0
DA:127,0
DA:150,0
DA:155,0
DA:158,0
DA:163,0
DA:164,0
DA:170,0
DA:177,0
DA:178,0
DA:192,0
DA:198,0
DA:207,0
DA:213,0
DA:217,0
DA:222,0
DA:225,0
DA:227,0
DA:231,0
DA:237,0
DA:243,0
DA:248,0
DA:250,0
DA:253,0
DA:255,0
DA:259,0
DA:260,0
DA:266,0
DA:268,0
DA:272,0
LF:41
LH:0
BRF:0
BRH:0
end_of_record
TN:
SF:src/components/sections/Blog/Blog.tsx
FN:26,(anonymous_1)
FN:31,(anonymous_2)
FN:61,(anonymous_3)
FN:66,(anonymous_4)
FN:91,(anonymous_5)
FNF:5
FNH:0
FNDA:0,(anonymous_1)
FNDA:0,(anonymous_2)
FNDA:0,(anonymous_3)
FNDA:0,(anonymous_4)
FNDA:0,(anonymous_5)
DA:1,0
DA:2,0
DA:3,0
DA:4,0
DA:5,0
DA:6,0
DA:9,0
DA:13,0
DA:19,0
DA:24,0
DA:26,0
DA:30,0
DA:31,0
DA:37,0
DA:44,0
DA:59,0
DA:61,0
DA:62,0
DA:63,0
DA:65,0
DA:66,0
DA:69,0
DA:92,0
DA:100,0
LF:24
LH:0
BRDA:66,0,0,0
BRDA:66,0,1,0
BRF:2
BRH:0
end_of_record
TN:
SF:src/components/sections/Blog/BlogCard.tsx
FN:7,(anonymous_1)
FN:41,(anonymous_2)
FN:46,(anonymous_3)
FN:52,(anonymous_4)
FN:65,(anonymous_5)
FN:66,(anonymous_6)
FN:76,(anonymous_7)
FN:90,(anonymous_8)
FNF:8
FNH:0
FNDA:0,(anonymous_1)
FNDA:0,(anonymous_2)
FNDA:0,(anonymous_3)
FNDA:0,(anonymous_4)
FNDA:0,(anonymous_5)
FNDA:0,(anonymous_6)
FNDA:0,(anonymous_7)
FNDA:0,(anonymous_8)
DA:1,0
DA:2,0
DA:4,0
DA:6,0
DA:7,0
DA:17,0
DA:24,0
DA:33,0
DA:37,0
DA:41,0
DA:45,0
DA:46,0
DA:51,0
DA:52,0
DA:58,0
DA:64,0
DA:65,0
DA:66,0
DA:76,0
DA:77,0
DA:91,0
LF:21
LH:0
BRF:0
BRH:0
end_of_record
TN:
SF:src/components/sections/Hero/Hero.tsx
FN:40,(anonymous_1)
FN:48,(anonymous_2)
FN:54,(anonymous_3)
FN:67,(anonymous_4)
FN:68,(anonymous_5)
FN:81,(anonymous_6)
FN:82,(anonymous_7)
FN:89,(anonymous_8)
FN:97,(anonymous_9)
FNF:9
FNH:9
FNDA:2,(anonymous_1)
FNDA:2,(anonymous_2)
FNDA:2,(anonymous_3)
FNDA:4,(anonymous_4)
FNDA:4,(anonymous_5)
FNDA:2,(anonymous_6)
FNDA:2,(anonymous_7)
FNDA:2,(anonymous_8)
FNDA:2,(anonymous_9)
DA:1,1
DA:2,1
DA:3,1
DA:4,1
DA:6,1
DA:16,1
DA:24,1
DA:30,1
DA:37,1
DA:40,2
DA:44,1
DA:48,2
DA:51,1
DA:54,2
DA:59,1
DA:65,1
DA:67,4
DA:68,4
DA:79,1
DA:81,2
DA:82,2
DA:85,1
DA:89,2
DA:97,1
DA:98,2
DA:158,1
LF:26
LH:26
BRF:0
BRH:0
end_of_record
TN:
SF:src/components/sections/Projects/Projects.tsx
FN:25,(anonymous_1)
FN:30,(anonymous_2)
FN:43,(anonymous_3)
FN:64,(anonymous_4)
FN:69,(anonymous_5)
FN:82,(anonymous_6)
FN:83,(anonymous_7)
FN:95,(anonymous_8)
FN:122,(anonymous_9)
FN:127,(anonymous_10)
FN:152,(anonymous_11)
FN:159,(anonymous_12)
FNF:12
FNH:0
FNDA:0,(anonymous_1)
FNDA:0,(anonymous_2)
FNDA:0,(anonymous_3)
FNDA:0,(anonymous_4)
FNDA:0,(anonymous_5)
FNDA:0,(anonymous_6)
FNDA:0,(anonymous_7)
FNDA:0,(anonymous_8)
FNDA:0,(anonymous_9)
FNDA:0,(anonymous_10)
FNDA:0,(anonymous_11)
FNDA:0,(anonymous_12)
DA:1,0
DA:2,0
DA:3,0
DA:5,0
DA:6,0
DA:8,0
DA:12,0
DA:18,0
DA:23,0
DA:25,0
DA:29,0
DA:30,0
DA:36,0
DA:42,0
DA:43,0
DA:53,0
DA:59,0
DA:63,0
DA:64,0
DA:68,0
DA:69,0
DA:74,0
DA:81,0
DA:82,0
DA:83,0
DA:89,0
DA:94,0
DA:95,0
DA:105,0
DA:120,0
DA:122,0
DA:123,0
DA:124,0
DA:126,0
DA:127,0
DA:130,0
DA:153,0
DA:160,0
DA:184,0
LF:39
LH:0
BRDA:127,0,0,0
BRDA:127,0,1,0
BRDA:164,1,0,0
BRDA:164,1,1,0
BRDA:169,2,0,0
BRDA:169,2,1,0
BRF:6
BRH:0
end_of_record
TN:
SF:src/components/sections/Skills/Skills.tsx
FN:8,(anonymous_1)
FN:24,(anonymous_2)
FN:29,(anonymous_3)
FN:42,(anonymous_4)
FN:55,(anonymous_5)
FN:60,(anonymous_6)
FN:66,(anonymous_7)
FN:71,(anonymous_8)
FN:121,(anonymous_9)
FNF:9
FNH:0
FNDA:0,(anonymous_1)
FNDA:0,(anonymous_2)
FNDA:0,(anonymous_3)
FNDA:0,(anonymous_4)
FNDA:0,(anonymous_5)
FNDA:0,(anonymous_6)
FNDA:0,(anonymous_7)
FNDA:0,(anonymous_8)
FNDA:0,(anonymous_9)
DA:1,0
DA:2,0
DA:3,0
DA:4,0
DA:6,0
DA:8,0
DA:11,0
DA:17,0
DA:22,0
DA:24,0
DA:28,0
DA:29,0
DA:35,0
DA:41,0
DA:42,0
DA:53,0
DA:55,0
DA:59,0
DA:60,0
DA:65,0
DA:66,0
DA:71,0
DA:72,0
DA:95,0
DA:122,0
DA:139,0
LF:26
LH:0
BRF:0
BRH:0
end_of_record
TN:
SF:src/hooks/useInView.ts
FN:11,(anonymous_0)
FN:18,(anonymous_1)
FNF:2
FNH:0
FNDA:0,(anonymous_0)
FNDA:0,(anonymous_1)
DA:1,1
DA:2,1
DA:3,1
DA:11,1
DA:12,0
DA:13,0
DA:18,0
DA:19,0
DA:20,0
DA:24,0
DA:28,1
DA:44,1
DA:57,1
DA:73,1
DA:89,1
DA:105,1
LF:16
LH:10
BRDA:11,0,0,0
BRDA:19,1,0,0
BRF:2
BRH:0
end_of_record
TN:
SF:src/hooks/useNavigation.ts
FN:5,(anonymous_0)
FN:8,(anonymous_1)
FN:9,(anonymous_2)
FN:11,(anonymous_3)
FN:26,(anonymous_4)
FN:29,(anonymous_5)
FNF:6
FNH:4
FNDA:6,(anonymous_0)
FNDA:4,(anonymous_1)
FNDA:0,(anonymous_2)
FNDA:0,(anonymous_3)
FNDA:4,(anonymous_4)
FNDA:1,(anonymous_5)
DA:1,1
DA:5,1
DA:6,6
DA:8,6
DA:9,4
DA:10,0
DA:11,0
DA:12,0
DA:13,0
DA:14,0
DA:15,0
DA:17,0
DA:20,0
DA:21,0
DA:25,4
DA:26,4
DA:29,6
DA:30,1
DA:31,1
DA:34,6
LF:20
LH:11
BRDA:13,0,0,0
BRDA:15,1,0,0
BRDA:15,1,1,0
BRDA:20,2,0,0
BRF:4
BRH:0
end_of_record
TN:
SF:src/styles/GlobalStyles.tsx
FN:5,(anonymous_0)
FN:15,(anonymous_1)
FN:16,(anonymous_2)
FN:24,(anonymous_3)
FN:29,(anonymous_4)
FN:56,(anonymous_5)
FN:60,(anonymous_6)
FN:64,(anonymous_7)
FN:70,(anonymous_8)
FN:71,(anonymous_9)
FNF:10
FNH:0
FNDA:0,(anonymous_0)
FNDA:0,(anonymous_1)
FNDA:0,(anonymous_2)
FNDA:0,(anonymous_3)
FNDA:0,(anonymous_4)
FNDA:0,(anonymous_5)
FNDA:0,(anonymous_6)
FNDA:0,(anonymous_7)
FNDA:0,(anonymous_8)
FNDA:0,(anonymous_9)
DA:1,0
DA:3,0
DA:5,0
DA:15,0
DA:16,0
DA:24,0
DA:29,0
DA:56,0
DA:60,0
DA:64,0
DA:70,0
DA:71,0
LF:12
LH:0
BRF:0
BRH:0
end_of_record
TN:
SF:src/styles/SharedStyles.ts
FN:23,(anonymous_1)
FN:34,(anonymous_2)
FN:47,(anonymous_3)
FN:67,(anonymous_4)
FN:72,(anonymous_5)
FN:79,(anonymous_6)
FN:80,(anonymous_7)
FNF:7
FNH:0
FNDA:0,(anonymous_1)
FNDA:0,(anonymous_2)
FNDA:0,(anonymous_3)
FNDA:0,(anonymous_4)
FNDA:0,(anonymous_5)
FNDA:0,(anonymous_6)
FNDA:0,(anonymous_7)
DA:1,0
DA:2,0
DA:5,0
DA:20,0
DA:23,0
DA:32,0
DA:34,0
DA:45,0
DA:47,0
DA:60,0
DA:67,0
DA:72,0
DA:78,0
DA:79,0
DA:80,0
LF:15
LH:0
BRDA:47,0,0,0
BRF:1
BRH:0
end_of_record
TN:
SF:src/styles/ThemeProvider.tsx
FN:58,(anonymous_0)
FN:61,(anonymous_1)
FN:73,(anonymous_2)
FN:75,(anonymous_3)
FN:89,(anonymous_4)
FN:101,(anonymous_5)
FN:103,(anonymous_6)
FN:110,(anonymous_7)
FN:113,(anonymous_8)
FN:114,(anonymous_9)
FNF:10
FNH:1
FNDA:0,(anonymous_0)
FNDA:6,(anonymous_1)
FNDA:0,(anonymous_2)
FNDA:0,(anonymous_3)
FNDA:0,(anonymous_4)
FNDA:0,(anonymous_5)
FNDA:0,(anonymous_6)
FNDA:0,(anonymous_7)
FNDA:0,(anonymous_8)
FNDA:0,(anonymous_9)
DA:1,2
DA:2,2
DA:5,2
DA:28,2
DA:56,2
DA:58,0
DA:61,2
DA:62,6
DA:63,6
DA:64,0
DA:66,6
DA:73,2
DA:75,0
DA:76,0
DA:77,0
DA:78,0
DA:82,0
DA:83,0
DA:86,0
DA:89,0
DA:90,0
DA:91,0
DA:94,0
DA:95,0
DA:96,0
DA:101,0
DA:102,0
DA:103,0
DA:104,0
DA:105,0
DA:109,0
DA:110,0
DA:113,0
DA:114,0
DA:117,0
LF:35
LH:10
BRDA:63,0,0,0
BRDA:77,1,0,0
BRDA:78,2,0,0
BRDA:78,2,1,0
BRDA:83,3,0,0
BRDA:83,3,1,0
BRDA:95,4,0,0
BRDA:104,5,0,0
BRDA:105,6,0,0
BRDA:105,6,1,0
BRDA:114,7,0,0
BRDA:114,7,1,0
BRF:12
BRH:0
end_of_record
TN:
SF:src/styles/animations.ts
FN:30,(anonymous_0)
FNF:1
FNH:0
FNDA:0,(anonymous_0)
DA:1,0
DA:10,0
DA:21,0
DA:30,0
DA:31,0
DA:38,0
LF:6
LH:0
BRF:0
BRH:0
end_of_record
TN:
SF:src/styles/theme.ts
FNF:0
FNH:0
DA:3,0
DA:26,0
LF:2
LH:0
BRF:0
BRH:0
end_of_record
TN:
SF:src/styles/themes/index.ts
FNF:0
FNH:0
DA:3,0
DA:26,0
LF:2
LH:0
BRF:0
BRH:0
end_of_record
